Log file open, 01/25/25 21:57:50
LogTrace: Initializing trace...
LogTrace: Finished trace initialization.
LogInit: Session CrashGUID >====================================================
         Session CrashGUID >   UECC-Windows-8A2AD73F417203246AD2EEA6C1987894
         Session CrashGUID >====================================================
LogConfig: No local boot hotfix file found at: [../../../../../Git Repos/GGJ2025/Panda/Saved/PersistentDownloadDir/HotfixForNextBoot.txt]
LogPluginManager: Mounting Engine plugin PlatformCrypto
LogInit: ExecutableName: UnrealPak.exe
LogInit: Build: ++UE5+Release-5.5-CL-38445549
LogInit: Platform=WindowsEditor
LogInit: MachineId=f5a14e404b5834312dae5a90549ed29f
LogInit: DeviceId=
LogInit: Engine Version: 5.5.1-38445549+++UE5+Release-5.5
LogInit: Compatible Engine Version: 5.5.0-37670630+++UE5+Release-5.5
LogInit: Net CL: 37670630
LogInit: OS: Windows 11 (24H2) [10.0.26100.2894] (), CPU: AMD Ryzen 7 7435HS                             , GPU: NVIDIA GeForce RTX 4050 Laptop GPU
LogInit: Compiled (64-bit): Nov 28 2024 01:10:43
LogInit: Architecture: x64
LogInit: Compiled with Visual C++: 19.38.33130.00
LogInit: Build Configuration: Development
LogInit: Branch Name: ++UE5+Release-5.5
LogInit: Command Line: -cryptokeys="C:\Ordner\Git Repos\GGJ2025\Panda\Saved\Cooked\Windows\Panda\Metadata\Crypto.json" -patchpaddingalign=2048 -compressionformats=Oodle -compresslevel=4 -compressmethod=Kraken -platform=Windows -CreateMultiple="C:\Users\riewe\AppData\Roaming\Unreal Engine\AutomationTool\Logs\C+Ordner+Unreal+Engine+UE_5.5\PakCommands.txt" -nopak
LogInit: Base Directory: C:/Ordner/Unreal Engine/UE_5.5/Engine/Binaries/Win64/
LogInit: Allocator: Mimalloc
LogInit: Installed Engine Build: 1
LogInit: This binary is optimized with LTO: no, PGO: no, instrumented for PGO data collection: no
LogDevObjectVersion: Number of dev versions registered: 35
LogDevObjectVersion:   Dev-Blueprints (B0D832E4-1F89-4F0D-ACCF-7EB736FD4AA2): 10
LogDevObjectVersion:   Dev-Build (E1C64328-A22C-4D53-A36C-8E866417BD8C): 0
LogDevObjectVersion:   Dev-Core (375EC13C-06E4-48FB-B500-84F0262A717E): 4
LogDevObjectVersion:   Dev-Editor (E4B068ED-F494-42E9-A231-DA0B2E46BB41): 40
LogDevObjectVersion:   Dev-Framework (CFFC743F-43B0-4480-9391-14DF171D2073): 37
LogDevObjectVersion:   Dev-Mobile (B02B49B5-BB20-44E9-A304-32B752E40360): 3
LogDevObjectVersion:   Dev-Networking (A4E4105C-59A1-49B5-A7C5-40C4547EDFEE): 0
LogDevObjectVersion:   Dev-Online (39C831C9-5AE6-47DC-9A44-9C173E1C8E7C): 0
LogDevObjectVersion:   Dev-Physics (78F01B33-EBEA-4F98-B9B4-84EACCB95AA2): 20
LogDevObjectVersion:   Dev-Platform (6631380F-2D4D-43E0-8009-CF276956A95A): 0
LogDevObjectVersion:   Dev-Rendering (12F88B9F-8875-4AFC-A67C-D90C383ABD29): 49
LogDevObjectVersion:   Dev-Sequencer (7B5AE74C-D270-4C10-A958-57980B212A5A): 13
LogDevObjectVersion:   Dev-VR (D7296918-1DD6-4BDD-9DE2-64A83CC13884): 3
LogDevObjectVersion:   Dev-LoadTimes (C2A15278-BFE7-4AFE-6C17-90FF531DF755): 1
LogDevObjectVersion:   Private-Geometry (6EACA3D4-40EC-4CC1-B786-8BED09428FC5): 3
LogDevObjectVersion:   Dev-AnimPhys (29E575DD-E0A3-4627-9D10-D276232CDCEA): 17
LogDevObjectVersion:   Dev-Anim (AF43A65D-7FD3-4947-9873-3E8ED9C1BB05): 15
LogDevObjectVersion:   Dev-ReflectionCapture (6B266CEC-1EC7-4B8F-A30B-E4D90942FC07): 1
LogDevObjectVersion:   Dev-Automation (0DF73D61-A23F-47EA-B727-89E90C41499A): 1
LogDevObjectVersion:   FortniteMain (601D1886-AC64-4F84-AA16-D3DE0DEAC7D6): 170
LogDevObjectVersion:   FortniteValkyrie (8DBC2C5B-54A7-43E0-A768-FCBB7DA29060): 8
LogDevObjectVersion:   FortniteSeason (5B4C06B7-2463-4AF8-805B-BF70CDF5D0DD): 13
LogDevObjectVersion:   FortniteRelease (E7086368-6B23-4C58-8439-1B7016265E91): 15
LogDevObjectVersion:   Dev-Enterprise (9DFFBCD6-494F-0158-E221-12823C92A888): 10
LogDevObjectVersion:   Dev-Niagara (F2AED0AC-9AFE-416F-8664-AA7FFA26D6FC): 1
LogDevObjectVersion:   Dev-Destruction (174F1F0B-B4C6-45A5-B13F-2EE8D0FB917D): 10
LogDevObjectVersion:   Dev-Physics-Ext (35F94A83-E258-406C-A318-09F59610247C): 41
LogDevObjectVersion:   Dev-PhysicsMaterial-Chaos (B68FC16E-8B1B-42E2-B453-215C058844FE): 1
LogDevObjectVersion:   Dev-CineCamera (B2E18506-4273-CFC2-A54E-F4BB758BBA07): 1
LogDevObjectVersion:   Dev-VirtualProduction (64F58936-FD1B-42BA-BA96-7289D5D0FA4E): 1
LogDevObjectVersion:   UE5-Main (697DD581-E64F-41AB-AA4A-51ECBEB7B628): 119
LogDevObjectVersion:   UE5-Release (D89B5E42-24BD-4D46-8412-ACA8DF641779): 51
LogDevObjectVersion:   UE5-PrivateFrosty (59DA5D52-1232-4948-B878-597870B8E98B): 8
LogDevObjectVersion:   Dev-MediaFramework (6F0ED827-A609-4895-9C91-998D90180EA4): 2
LogDevObjectVersion:   Dev-NaniteResearch (30D58BE3-95EA-4282-A6E3-B159D8EBB06A): 1
LogConfig: Branch 'PlatformCrypto' had been unloaded. Reloading on-demand took 0.27ms
LogInit: Presizing for max 100000 objects, including 0 objects not considered by GC.
LogStreaming: Display: AsyncLoading2 - Created: Event Driven Loader: false, Async Loading Thread: false, Async Post Load: false
LogStreaming: Display: AsyncLoading2 - Initialized
LogInit: Object subsystem initialized
LogConfig: Applying CVar settings from Section [Startup] File [../../../Engine/Config/ConsoleVariables.ini]
LogConfig: CVar [[r.DumpShaderDebugInfo:2]] deferred - dummy variable created
LogConfig: CVar [[p.chaos.AllowCreatePhysxBodies:1]] deferred - dummy variable created
LogConfig: CVar [[fx.SkipVectorVMBackendOptimizations:1]] deferred - dummy variable created
LogConfig: CVar [[ds.CADTranslator.Meshing.ActivateThinZoneMeshing:0]] deferred - dummy variable created
LogConfig: CVar [[ds.CADTranslator.Stitching.RemoveThinFaces:0]] deferred - dummy variable created
LogConfig: Applying CVar settings from Section [Startup_Windows] File [../../../Engine/Config/ConsoleVariables.ini]
[2025.01.25-20.57.50:370][  0]LogConfig: Applying CVar settings from Section [ConsoleVariables] File [Engine]
[2025.01.25-20.57.50:370][  0]LogConfig: Set CVar [[memory.MemoryPressureCriticalThresholdMB:512]]
[2025.01.25-20.57.50:370][  0]LogInit: Computer: MARCS-LAPTOP
[2025.01.25-20.57.50:370][  0]LogInit: User: riewe
[2025.01.25-20.57.50:370][  0]LogInit: CPU Page size=4096, Cores=8
[2025.01.25-20.57.50:370][  0]LogInit: High frequency timer resolution =10.000000 MHz
[2025.01.25-20.57.50:775][  0]LogMemory: Process is running as part of a Windows Job with separate resource limits
[2025.01.25-20.57.50:775][  0]LogMemory: Memory total: Physical=23.7GB (24GB approx) Virtual=26.7GB
[2025.01.25-20.57.50:775][  0]LogMemory: Platform Memory Stats for WindowsEditor
[2025.01.25-20.57.50:775][  0]LogMemory: Process Physical Memory: 67.70 MB used, 68.46 MB peak
[2025.01.25-20.57.50:775][  0]LogMemory: Process Virtual Memory: 136.36 MB used, 136.36 MB peak
[2025.01.25-20.57.50:775][  0]LogMemory: Physical Memory: 9937.12 MB used,  14323.59 MB free, 24260.71 MB total
[2025.01.25-20.57.50:775][  0]LogMemory: Virtual Memory: 15339.38 MB used,  11993.33 MB free, 27332.71 MB total
[2025.01.25-20.57.50:781][  0]LogAssetRegistry: FAssetRegistry took 0.0001 seconds to start up
[2025.01.25-20.57.50:782][  0]LogUObjectArray: 438 objects as part of root set at end of initial load.
[2025.01.25-20.57.50:782][  0]LogUObjectArray: CloseDisregardForGC: 0/0 objects in disregard for GC pool
[2025.01.25-20.57.50:782][  0]LogStreaming: Display: AsyncLoading2 - NotifyRegistrationComplete: Registered 428 public script object entries (15.03 KB)
[2025.01.25-20.57.50:782][  0]LogStreaming: Display: AsyncLoading2 - Thread Started: false, IsInitialLoad: false
[2025.01.25-20.57.50:783][  0]LogInit: Using OS detected language ().
[2025.01.25-20.57.50:783][  0]LogInit: Using OS detected locale ().
[2025.01.25-20.57.50:783][  0]LogTextLocalizationManager: No localization for '' exists, so 'en' will be used for the language.
[2025.01.25-20.57.50:783][  0]LogTextLocalizationManager: No localization for '' exists, so 'en' will be used for the locale.
[2025.01.25-20.57.50:783][  0]LogInit: Using OS detected language ().
[2025.01.25-20.57.50:783][  0]LogInit: Using OS detected locale ().
[2025.01.25-20.57.50:783][  0]LogTextLocalizationManager: No localization for '' exists, so 'en' will be used for the language.
[2025.01.25-20.57.50:783][  0]LogTextLocalizationManager: No localization for '' exists, so 'en' will be used for the locale.
[2025.01.25-20.57.50:783][  0]LogPakFile: Display: ProjectDir: ../../../../../Git Repos/GGJ2025/Panda/
[2025.01.25-20.57.50:784][  0]LogPakFile: Display: Parsing crypto keys from a crypto key cache file
[2025.01.25-20.57.50:784][  0]LogPakFile: Engine only spawned 14 worker threads, bumping up to 15!
[2025.01.25-20.57.50:786][  0]LogPakFile: Display: CompressionFormats in priority order: Oodle, Zlib
[2025.01.25-20.57.50:786][  0]LogPakFile: Display: Oodle enabled on 'NoPluginCompression' files
[2025.01.25-20.57.50:786][  0]LogPakFile: Display: Loading response file C:\Ordner\Unreal Engine\UE_5.5\Engine\Programs\AutomationTool\Saved\ResponseFiles\PakList_Panda-Windows.txt
[2025.01.25-20.57.50:789][  0]LogPakFile: Display: Added 1608 entries to add to pak file.
[2025.01.25-20.57.50:789][  0]LogPakFile: Display: Collecting files to add to pak file...
[2025.01.25-20.57.50:795][  0]LogPakFile: Display: Collected 1608 files in 0.01s.
[2025.01.25-20.57.50:795][  0]LogPakFile: Display: Creating pak C:\Ordner\Git Repos\GGJ2025\Panda\Saved\StagedBuilds\Windows\Panda\Content\Paks\Panda-Windows.pak.
[2025.01.25-20.57.50:799][  0]OodleDataCompression: Display: Oodle v2.9.12 format for pak/iostore with method=Kraken, level=4=Normal
[2025.01.25-20.57.51:386][  0]LogPakFile: Display: Created pak file: C:\Ordner\Git Repos\GGJ2025\Panda\Saved\StagedBuilds\Windows\Panda\Content\Paks\Panda-Windows.pak
[2025.01.25-20.57.51:394][  0]LogPakFile: Display: CompressionFormat 0 [Oodle] : 355 files, 24991818 -> 9008547 bytes
[2025.01.25-20.57.51:394][  0]LogPakFile: Display: CompressionFormat 2 [None] : 1253 files, 736077 -> 736077 bytes
[2025.01.25-20.57.51:394][  0]LogPakFile: Display: Added 1608 files, 10365162 bytes total
[2025.01.25-20.57.51:394][  0]LogPakFile: Display: PrimaryIndex size: 22286 bytes
[2025.01.25-20.57.51:394][  0]LogPakFile: Display: PathHashIndex size: 48939 bytes
[2025.01.25-20.57.51:394][  0]LogPakFile: Display: FullDirectoryIndex size: 52393 bytes
[2025.01.25-20.57.51:394][  0]LogPakFile: Display: Compression summary: 36.05% of original size. Compressed Size 9008547 bytes, Original Size 24991818 bytes. 
[2025.01.25-20.57.51:394][  0]LogPakFile: Display: Encryption - DISABLED
[2025.01.25-20.57.51:394][  0]LogPakFile: Display: 
[2025.01.25-20.57.51:394][  0]LogPakFile: Display: Writer and Compression Threads exited.
[2025.01.25-20.57.51:395][  0]LogPakFile: Display: UnrealPak executed in 0.612112 seconds
[2025.01.25-20.57.51:403][  0]LogCore: Engine exit requested (reason: UnrealPak Exiting)
[2025.01.25-20.57.51:403][  0]LogExit: Preparing to exit.
[2025.01.25-20.57.51:405][  0]LogExit: Object subsystem successfully closed.
[2025.01.25-20.57.51:406][  0]LogPakFile: Destroying PakPlatformFile
[2025.01.25-20.57.51:407][  0]LogExit: Exiting.
[2025.01.25-20.57.51:425][  0]Log file closed, 01/25/25 21:57:51
