"../../../Engine/Plugins/Animation/ACLPlugin/Content/ACLAnimCurveCompressionSettings.uasset" 0
"../../../Engine/Plugins/Animation/ACLPlugin/Content/ACLAnimCurveCompressionSettings.uexp" 1
"../../../Engine/Plugins/Animation/ACLPlugin/Content/ACLAnimBoneCompressionSettings.uasset" 2
"../../../Engine/Plugins/Animation/ACLPlugin/Content/ACLAnimBoneCompressionSettings.uexp" 3
"../../../Engine/Plugins/2D/Paper2D/Content/PlaceholderTextures/DummySpriteTexture.ubulk" 4
"../../../Engine/Plugins/2D/Paper2D/Content/PlaceholderTextures/DummySpriteTexture.uasset" 5
"../../../Engine/Plugins/2D/Paper2D/Content/PlaceholderTextures/DummySpriteTexture.uexp" 6
"../../../Engine/Plugins/2D/Paper2D/Content/DummySprite.uasset" 7
"../../../Engine/Plugins/2D/Paper2D/Content/DummySprite.uexp" 8
"../../../Engine/Plugins/2D/Paper2D/Content/DefaultPaperTerrainMaterial.uasset" 9
"../../../Engine/Plugins/2D/Paper2D/Content/DefaultPaperTerrainMaterial.uexp" 10
"../../../Engine/Plugins/Interchange/Runtime/Content/Pipelines/DefaultTexturePipeline.uasset" 11
"../../../Engine/Plugins/Interchange/Runtime/Content/Pipelines/DefaultTexturePipeline.uexp" 12
"../../../Engine/Plugins/Interchange/Runtime/Content/Pipelines/DefaultSceneLevelPipeline.uasset" 13
"../../../Engine/Plugins/Interchange/Runtime/Content/Pipelines/DefaultSceneLevelPipeline.uexp" 14
"../../../Engine/Plugins/Interchange/Runtime/Content/Pipelines/DefaultSceneAssetsPipeline.uasset" 15
"../../../Engine/Plugins/Interchange/Runtime/Content/Pipelines/DefaultSceneAssetsPipeline.uexp" 16
"../../../Engine/Plugins/Interchange/Runtime/Content/Pipelines/DefaultMaterialXPipeline.uasset" 17
"../../../Engine/Plugins/Interchange/Runtime/Content/Pipelines/DefaultMaterialXPipeline.uexp" 18
"../../../Engine/Plugins/Interchange/Runtime/Content/Pipelines/DefaultMaterialPipeline.uasset" 19
"../../../Engine/Plugins/Interchange/Runtime/Content/Pipelines/DefaultMaterialPipeline.uexp" 20
"../../../Engine/Plugins/Interchange/Runtime/Content/Pipelines/DefaultGLTFSceneAssetsPipeline.uasset" 21
"../../../Engine/Plugins/Interchange/Runtime/Content/Pipelines/DefaultGLTFSceneAssetsPipeline.uexp" 22
"../../../Engine/Plugins/Interchange/Runtime/Content/Pipelines/DefaultGLTFPipeline.uasset" 23
"../../../Engine/Plugins/Interchange/Runtime/Content/Pipelines/DefaultGLTFPipeline.uexp" 24
"../../../Engine/Plugins/Interchange/Runtime/Content/Pipelines/DefaultGLTFAssetsPipeline.uasset" 25
"../../../Engine/Plugins/Interchange/Runtime/Content/Pipelines/DefaultGLTFAssetsPipeline.uexp" 26
"../../../Engine/Plugins/Interchange/Runtime/Content/Pipelines/DefaultAssetsPipeline.uasset" 27
"../../../Engine/Plugins/Interchange/Runtime/Content/Pipelines/DefaultAssetsPipeline.uexp" 28
"../../../Engine/Plugins/Animation/ControlRig/Content/Controls/DefaultGizmoLibraryNormalized.uasset" 29
"../../../Engine/Plugins/Animation/ControlRig/Content/Controls/DefaultGizmoLibraryNormalized.uexp" 30
"../../../Engine/Content/EngineSounds/Master.uasset" 31
"../../../Engine/Content/EngineSounds/Master.uexp" 32
"../../../Engine/Content/EngineMaterials/DefaultPhysicalMaterial.uasset" 33
"../../../Engine/Content/EngineMaterials/DefaultPhysicalMaterial.uexp" 34
"../../../Engine/Content/EngineMaterials/DefaultDestructiblePhysicalMaterial.uasset" 35
"../../../Engine/Content/EngineMaterials/DefaultDestructiblePhysicalMaterial.uexp" 36
"../../../Engine/Content/EngineFonts/Faces/RobotoLight.uexp" 37
"../../../Engine/Content/EngineFonts/Faces/RobotoLight.uasset" 38
"../../../Engine/Content/EngineFonts/Faces/RobotoLight.ufont" 39
"../../../Engine/Content/EngineFonts/Faces/RobotoBold.uexp" 40
"../../../Engine/Content/EngineFonts/Faces/RobotoBold.uasset" 41
"../../../Engine/Content/EngineFonts/Faces/RobotoBold.ufont" 42
"../../../Engine/Content/EngineFonts/Faces/RobotoRegular.uexp" 43
"../../../Engine/Content/EngineFonts/Faces/RobotoRegular.uasset" 44
"../../../Engine/Content/EngineFonts/Faces/RobotoRegular.ufont" 45
"../../../Engine/Content/EngineFonts/Faces/DroidSansFallback.uexp" 46
"../../../Engine/Content/EngineFonts/Faces/DroidSansFallback.uasset" 47
"../../../Engine/Content/EngineFonts/Faces/DroidSansFallback.ufont" 48
"../../../Engine/Content/EngineFonts/Faces/RobotoItalic.uexp" 49
"../../../Engine/Content/EngineFonts/Faces/RobotoItalic.uasset" 50
"../../../Engine/Content/EngineFonts/Faces/RobotoItalic.ufont" 51
"../../../Engine/Content/EngineFonts/Faces/RobotoBoldItalic.uexp" 52
"../../../Engine/Content/EngineFonts/Faces/RobotoBoldItalic.uasset" 53
"../../../Engine/Content/EngineFonts/Faces/RobotoBoldItalic.ufont" 54
"../../../Engine/Content/EngineFonts/Roboto.uasset" 55
"../../../Engine/Content/EngineFonts/Roboto.uexp" 56
"../../../Engine/Content/Animation/DefaultVariableFrameStrippingSettings.uasset" 57
"../../../Engine/Content/Animation/DefaultVariableFrameStrippingSettings.uexp" 58
"../../../Engine/Content/Animation/DefaultRecorderBoneCompression.uasset" 59
"../../../Engine/Content/Animation/DefaultRecorderBoneCompression.uexp" 60
"../../../Engine/Content/MobileResources/HUD/VirtualJoystick_Background.uasset" 61
"../../../Engine/Content/MobileResources/HUD/VirtualJoystick_Background.uexp" 62
"../../../Engine/Content/MobileResources/HUD/VirtualJoystick_Thumb.uasset" 63
"../../../Engine/Content/MobileResources/HUD/VirtualJoystick_Thumb.uexp" 64
"../../../Engine/Content/MobileResources/HUD/DefaultVirtualJoysticks.uasset" 65
"../../../Engine/Content/MobileResources/HUD/DefaultVirtualJoysticks.uexp" 66
"../../../Engine/Content/EditorResources/S_Actor.ubulk" 67
"../../../Engine/Content/EditorResources/S_Actor.uasset" 68
"../../../Engine/Content/EditorResources/S_Actor.uexp" 69
"../../../Engine/Plugins/Runtime/AudioWidgets/Content/Resources/ScrubHandleDown_Clamped.uasset" 70
"../../../Engine/Plugins/Runtime/AudioWidgets/Content/Resources/ScrubHandleDown_Clamped.uexp" 71
"../../../Engine/Content/EngineResources/GradientTexture0.uasset" 72
"../../../Engine/Content/EngineResources/GradientTexture0.uexp" 73
"../../../Engine/Content/EngineResources/DefaultTexture.ubulk" 74
"../../../Engine/Content/EngineResources/DefaultTexture.uasset" 75
"../../../Engine/Content/EngineResources/DefaultTexture.uexp" 76
"../../../Engine/Content/EngineResources/Black.uasset" 77
"../../../Engine/Content/EngineResources/Black.uexp" 78
"../../../Engine/Content/EngineMaterials/PreintegratedSkinBRDF.uasset" 79
"../../../Engine/Content/EngineMaterials/PreintegratedSkinBRDF.uexp" 80
"../../../Engine/Content/EngineMaterials/MiniFont.uasset" 81
"../../../Engine/Content/EngineMaterials/MiniFont.uexp" 82
"../../../Engine/Content/EngineMaterials/FastBlueNoise_vec2_128x128x64.uasset" 83
"../../../Engine/Content/EngineMaterials/FastBlueNoise_vec2_128x128x64.uexp" 84
"../../../Engine/Content/EngineMaterials/FastBlueNoise_scalar_128x128x64.uasset" 85
"../../../Engine/Content/EngineMaterials/FastBlueNoise_scalar_128x128x64.uexp" 86
"../../../Engine/Content/EngineMaterials/DefaultWhiteGrid.ubulk" 87
"../../../Engine/Content/EngineMaterials/DefaultWhiteGrid.uasset" 88
"../../../Engine/Content/EngineMaterials/DefaultWhiteGrid.uexp" 89
"../../../Engine/Content/EngineMaterials/DefaultBokeh.uasset" 90
"../../../Engine/Content/EngineMaterials/DefaultBokeh.uexp" 91
"../../../Engine/Content/EngineMaterials/DefaultBloomKernel.uasset" 92
"../../../Engine/Content/EngineMaterials/DefaultBloomKernel.uexp" 93
"../../../Engine/Content/EngineDamageTypes/DmgTypeBP_Environmental.uasset" 94
"../../../Engine/Content/EngineDamageTypes/DmgTypeBP_Environmental.uexp" 95
"../../../Engine/Content/EditorResources/S_TriggerSphere.uasset" 96
"../../../Engine/Content/EditorResources/S_TriggerSphere.uexp" 97
"../../../Engine/Content/EditorResources/S_TriggerCapsule.uasset" 98
"../../../Engine/Content/EditorResources/S_TriggerCapsule.uexp" 99
"../../../Engine/Content/EditorResources/S_TriggerBox.uasset" 100
"../../../Engine/Content/EditorResources/S_TriggerBox.uexp" 101
"../../../Engine/Content/EditorResources/S_Trigger.ubulk" 102
"../../../Engine/Content/EditorResources/S_Trigger.uasset" 103
"../../../Engine/Content/EditorResources/S_Trigger.uexp" 104
"../../../Engine/Content/EditorResources/S_Terrain.ubulk" 105
"../../../Engine/Content/EditorResources/S_Terrain.uasset" 106
"../../../Engine/Content/EditorResources/S_Terrain.uexp" 107
"../../../Engine/Content/EditorResources/S_Solver.ubulk" 108
"../../../Engine/Content/EditorResources/S_Solver.uasset" 109
"../../../Engine/Content/EditorResources/S_Solver.uexp" 110
"../../../Engine/Content/EditorResources/S_BoxReflectionCapture.uasset" 111
"../../../Engine/Content/EditorResources/S_BoxReflectionCapture.uexp" 112
"../../../Engine/Content/EditorResources/EmptyActor.uasset" 113
"../../../Engine/Content/EditorResources/EmptyActor.uexp" 114
"../../../Engine/Content/EditorResources/BSPVertex.uasset" 115
"../../../Engine/Content/EditorResources/BSPVertex.uexp" 116
"../../../Engine/Content/EditorLandscapeResources/DefaultAlphaTexture.uasset" 117
"../../../Engine/Content/EditorLandscapeResources/DefaultAlphaTexture.uexp" 118
"../../../Engine/Content/EngineResources/FilmGrains/Marcie_Grain_v3_128_M2_000.uasset" 119
"../../../Engine/Content/EngineResources/FilmGrains/Marcie_Grain_v3_128_M2_000.uexp" 120
"../../../Engine/Content/EngineMaterials/LTC/Sheen_LTC.uasset" 121
"../../../Engine/Content/EngineMaterials/LTC/Sheen_LTC.uexp" 122
"../../../Engine/Content/EngineMaterials/LTC/GGX_LTCMat.uasset" 123
"../../../Engine/Content/EngineMaterials/LTC/GGX_LTCMat.uexp" 124
"../../../Engine/Content/EngineMaterials/LTC/GGX_LTCAmp.uasset" 125
"../../../Engine/Content/EngineMaterials/LTC/GGX_LTCAmp.uexp" 126
"../../../Engine/Content/EngineMaterials/EnergyConservation/Sheen_Energy.uasset" 127
"../../../Engine/Content/EngineMaterials/EnergyConservation/Sheen_Energy.uexp" 128
"../../../Engine/Content/EngineMaterials/EnergyConservation/SheenLegacy_Energy.uasset" 129
"../../../Engine/Content/EngineMaterials/EnergyConservation/SheenLegacy_Energy.uexp" 130
"../../../Engine/Content/EngineMaterials/EnergyConservation/GGX_TransmissionEnergyArray.uasset" 131
"../../../Engine/Content/EngineMaterials/EnergyConservation/GGX_TransmissionEnergyArray.uexp" 132
"../../../Engine/Content/EngineMaterials/EnergyConservation/GGX_ReflectionEnergy.uasset" 133
"../../../Engine/Content/EngineMaterials/EnergyConservation/GGX_ReflectionEnergy.uexp" 134
"../../../Engine/Content/EngineMaterials/EnergyConservation/Diffuse_Energy.uasset" 135
"../../../Engine/Content/EngineMaterials/EnergyConservation/Diffuse_Energy.uexp" 136
"../../../Engine/Content/EditorResources/SequenceRecorder/RecordingIndicator.uasset" 137
"../../../Engine/Content/EditorResources/SequenceRecorder/RecordingIndicator.uexp" 138
"../../../Engine/Content/EditorResources/SequenceRecorder/Countdown.uasset" 139
"../../../Engine/Content/EditorResources/SequenceRecorder/Countdown.uexp" 140
"../../../Engine/Content/EditorMaterials/ParticleSystems/PSysThumbnail_OOD.ubulk" 141
"../../../Engine/Content/EditorMaterials/ParticleSystems/PSysThumbnail_OOD.uasset" 142
"../../../Engine/Content/EditorMaterials/ParticleSystems/PSysThumbnail_OOD.uexp" 143
"../../../Engine/Content/EditorMaterials/ParticleSystems/PSysThumbnail_NoImage.ubulk" 144
"../../../Engine/Content/EditorMaterials/ParticleSystems/PSysThumbnail_NoImage.uasset" 145
"../../../Engine/Content/EditorMaterials/ParticleSystems/PSysThumbnail_NoImage.uexp" 146
"../../../Engine/Content/EngineResources/DefaultTextureCube.uasset" 147
"../../../Engine/Content/EngineResources/DefaultTextureCube.uexp" 148
"../../../Engine/Content/EngineResources/DefaultVolumeTexture2D.uasset" 149
"../../../Engine/Content/EngineResources/DefaultVolumeTexture2D.uexp" 150
"../../../Engine/Content/EngineResources/DefaultVolumeTexture.uasset" 151
"../../../Engine/Content/EngineResources/DefaultVolumeTexture.uexp" 152
"../../../Engine/Content/EngineMeshes/Sphere.ubulk" 153
"../../../Engine/Content/EngineMeshes/Sphere.uasset" 154
"../../../Engine/Content/EngineMeshes/Sphere.uexp" 155
"../../../Engine/Plugins/NNE/NNEDenoiser/Content/NNEDTOM_Output_Default.uasset" 156
"../../../Engine/Plugins/NNE/NNEDenoiser/Content/NNEDTOM_Output_Default.uexp" 157
"../../../Engine/Plugins/NNE/NNEDenoiser/Content/NNEDTOM_Output_Alpha.uasset" 158
"../../../Engine/Plugins/NNE/NNEDenoiser/Content/NNEDTOM_Output_Alpha.uexp" 159
"../../../Engine/Plugins/NNE/NNEDenoiser/Content/NNEDTIM_ColorAlbedoNormal_Default.uasset" 160
"../../../Engine/Plugins/NNE/NNEDenoiser/Content/NNEDTIM_ColorAlbedoNormal_Default.uexp" 161
"../../../Engine/Plugins/NNE/NNEDenoiser/Content/NNEDTIM_ColorAlbedoNormal_Alpha.uasset" 162
"../../../Engine/Plugins/NNE/NNEDenoiser/Content/NNEDTIM_ColorAlbedoNormal_Alpha.uexp" 163
"../../../Engine/Plugins/NNE/NNEDenoiser/Content/NNEDOM_Output_Default.uasset" 164
"../../../Engine/Plugins/NNE/NNEDenoiser/Content/NNEDOM_Output_Default.uexp" 165
"../../../Engine/Plugins/NNE/NNEDenoiser/Content/NNEDOM_Output_Alpha.uasset" 166
"../../../Engine/Plugins/NNE/NNEDenoiser/Content/NNEDOM_Output_Alpha.uexp" 167
"../../../Engine/Plugins/NNE/NNEDenoiser/Content/NNEDIM_HighQuality_Default.uasset" 168
"../../../Engine/Plugins/NNE/NNEDenoiser/Content/NNEDIM_HighQuality_Default.uexp" 169
"../../../Engine/Plugins/NNE/NNEDenoiser/Content/NNEDIM_HighQuality_Alpha.uasset" 170
"../../../Engine/Plugins/NNE/NNEDenoiser/Content/NNEDIM_HighQuality_Alpha.uexp" 171
"../../../Engine/Plugins/NNE/NNEDenoiser/Content/NNEDIM_ColorAlbedoNormal_Default.uasset" 172
"../../../Engine/Plugins/NNE/NNEDenoiser/Content/NNEDIM_ColorAlbedoNormal_Default.uexp" 173
"../../../Engine/Plugins/NNE/NNEDenoiser/Content/NNEDIM_ColorAlbedoNormal_Alpha.uasset" 174
"../../../Engine/Plugins/NNE/NNEDenoiser/Content/NNEDIM_ColorAlbedoNormal_Alpha.uexp" 175
"../../../Engine/Content/EngineMaterials/T_Default_Material_Grid_M.ubulk" 176
"../../../Engine/Content/EngineMaterials/T_Default_Material_Grid_M.uasset" 177
"../../../Engine/Content/EngineMaterials/T_Default_Material_Grid_M.uexp" 178
"../../../Engine/Content/EngineMaterials/T_Default_Material_Grid_N.ubulk" 179
"../../../Engine/Content/EngineMaterials/T_Default_Material_Grid_N.uasset" 180
"../../../Engine/Content/EngineMaterials/T_Default_Material_Grid_N.uexp" 181
"../../../Engine/Content/Functions/Engine_MaterialFunctions01/Opacity/CameraDepthFade.uasset" 182
"../../../Engine/Content/Functions/Engine_MaterialFunctions01/Opacity/CameraDepthFade.uexp" 183
"../../../Engine/Content/EngineMaterials/WorldGridMaterial.uasset" 184
"../../../Engine/Content/EngineMaterials/WorldGridMaterial.uexp" 185
"../../../Engine/Plugins/Media/MediaPlate/Content/SM_MediaPlateScreen.ubulk" 186
"../../../Engine/Plugins/Media/MediaPlate/Content/SM_MediaPlateScreen.uasset" 187
"../../../Engine/Plugins/Media/MediaPlate/Content/SM_MediaPlateScreen.uexp" 188
"../../../Engine/Content/Functions/Engine_MaterialFunctions02/WorldPositionOffset/CameraOffset.uasset" 189
"../../../Engine/Content/Functions/Engine_MaterialFunctions02/WorldPositionOffset/CameraOffset.uexp" 190
"../../../Engine/Plugins/Animation/ControlRig/Content/M_Manip.uasset" 191
"../../../Engine/Plugins/Animation/ControlRig/Content/M_Manip.uexp" 192
"../../../Engine/Plugins/2D/Paper2D/Content/DefaultSpriteMaterial.uasset" 193
"../../../Engine/Plugins/2D/Paper2D/Content/DefaultSpriteMaterial.uexp" 194
"../../../Engine/Plugins/2D/Paper2D/Content/OpaqueUnlitSpriteMaterial.uasset" 195
"../../../Engine/Plugins/2D/Paper2D/Content/OpaqueUnlitSpriteMaterial.uexp" 196
"../../../Engine/Plugins/2D/Paper2D/Content/MaskedUnlitSpriteMaterial.uasset" 197
"../../../Engine/Plugins/2D/Paper2D/Content/MaskedUnlitSpriteMaterial.uexp" 198
"../../../Engine/Plugins/Runtime/MeshModelingToolset/Content/Materials/M_DynamicMeshComponentVtxColor.uasset" 199
"../../../Engine/Plugins/Runtime/MeshModelingToolset/Content/Materials/M_DynamicMeshComponentVtxColor.uexp" 200
"../../../Engine/Plugins/Runtime/HairStrands/Content/Materials/HairMeshesDefaultMaterial.uasset" 201
"../../../Engine/Plugins/Runtime/HairStrands/Content/Materials/HairMeshesDefaultMaterial.uexp" 202
"../../../Engine/Plugins/Runtime/HairStrands/Content/Materials/HairDefaultMaterial.uasset" 203
"../../../Engine/Plugins/Runtime/HairStrands/Content/Materials/HairDefaultMaterial.uexp" 204
"../../../Engine/Plugins/Runtime/HairStrands/Content/Materials/HairGroupColors.uasset" 205
"../../../Engine/Plugins/Runtime/HairStrands/Content/Materials/HairGroupColors.uexp" 206
"../../../Engine/Content/Functions/Engine_MaterialFunctions02/Utility/MakeFloat2.uasset" 207
"../../../Engine/Content/Functions/Engine_MaterialFunctions02/Utility/MakeFloat2.uexp" 208
"../../../Engine/Content/Functions/Engine_MaterialFunctions02/Utility/MakeFloat3.uasset" 209
"../../../Engine/Content/Functions/Engine_MaterialFunctions02/Utility/MakeFloat3.uexp" 210
"../../../Engine/Content/EngineMaterials/HairColorMap.uasset" 211
"../../../Engine/Content/EngineMaterials/HairColorMap.uexp" 212
"../../../Engine/Content/EngineMaterials/HairDebugColor.uasset" 213
"../../../Engine/Content/EngineMaterials/HairDebugColor.uexp" 214
"../../../Engine/Plugins/Runtime/HairStrands/Content/Materials/HairDebugMaterial.uasset" 215
"../../../Engine/Plugins/Runtime/HairStrands/Content/Materials/HairDebugMaterial.uexp" 216
"../../../Engine/Plugins/Runtime/HairStrands/Content/Materials/HairCardsDefaultMaterial.uasset" 217
"../../../Engine/Plugins/Runtime/HairStrands/Content/Materials/HairCardsDefaultMaterial.uexp" 218
"../../../Engine/Content/Functions/Engine_MaterialFunctions02/Texturing/CustomRotator.uasset" 219
"../../../Engine/Content/Functions/Engine_MaterialFunctions02/Texturing/CustomRotator.uexp" 220
"../../../Engine/Content/Functions/Engine_MaterialFunctions02/Utility/BreakOutFloat2Components.uasset" 221
"../../../Engine/Content/Functions/Engine_MaterialFunctions02/Utility/BreakOutFloat2Components.uexp" 222
"../../../Engine/Content/Functions/Engine_MaterialFunctions01/Texturing/ScaleUVsByCenter.uasset" 223
"../../../Engine/Content/Functions/Engine_MaterialFunctions01/Texturing/ScaleUVsByCenter.uexp" 224
"../../../Engine/Plugins/Runtime/AudioWidgets/Content/AudioMaterialSlate/Functions/MF_SingleLine_Smooth.uasset" 225
"../../../Engine/Plugins/Runtime/AudioWidgets/Content/AudioMaterialSlate/Functions/MF_SingleLine_Smooth.uexp" 226
"../../../Engine/Plugins/Runtime/AudioWidgets/Content/AudioMaterialSlate/Functions/MF_AngleGradient.uasset" 227
"../../../Engine/Plugins/Runtime/AudioWidgets/Content/AudioMaterialSlate/Functions/MF_AngleGradient.uexp" 228
"../../../Engine/Plugins/Runtime/AudioWidgets/Content/AudioMaterialSlate/Functions/MF_SingleLine.uasset" 229
"../../../Engine/Plugins/Runtime/AudioWidgets/Content/AudioMaterialSlate/Functions/MF_SingleLine.uexp" 230
"../../../Engine/Content/Functions/Engine_MaterialFunctions01/Gradient/SphereGradient-2D.uasset" 231
"../../../Engine/Content/Functions/Engine_MaterialFunctions01/Gradient/SphereGradient-2D.uexp" 232
"../../../Engine/Plugins/Runtime/AudioWidgets/Content/AudioMaterialSlate/M_AudioMaterialToggleButton.uasset" 233
"../../../Engine/Plugins/Runtime/AudioWidgets/Content/AudioMaterialSlate/M_AudioMaterialToggleButton.uexp" 234
"../../../Engine/Plugins/Runtime/AudioWidgets/Content/AudioMaterialSlate/MI_AudioMaterialToggleButton.uasset" 235
"../../../Engine/Plugins/Runtime/AudioWidgets/Content/AudioMaterialSlate/MI_AudioMaterialToggleButton.uexp" 236
"../../../Engine/Content/Functions/Engine_MaterialFunctions02/Utility/VectorLength.uasset" 237
"../../../Engine/Content/Functions/Engine_MaterialFunctions02/Utility/VectorLength.uexp" 238
"../../../Engine/Content/Functions/Engine_MaterialFunctions01/Gradient/GeneratedRoundRect.uasset" 239
"../../../Engine/Content/Functions/Engine_MaterialFunctions01/Gradient/GeneratedRoundRect.uexp" 240
"../../../Engine/Plugins/Runtime/AudioWidgets/Content/AudioMaterialSlate/M_AudioMaterialRoundedSlider.uasset" 241
"../../../Engine/Plugins/Runtime/AudioWidgets/Content/AudioMaterialSlate/M_AudioMaterialRoundedSlider.uexp" 242
"../../../Engine/Plugins/Runtime/AudioWidgets/Content/AudioMaterialSlate/MI_AudioMaterialRoundedSlider.uasset" 243
"../../../Engine/Plugins/Runtime/AudioWidgets/Content/AudioMaterialSlate/MI_AudioMaterialRoundedSlider.uexp" 244
"../../../Engine/Plugins/Runtime/AudioWidgets/Content/AudioMaterialSlate/Functions/MF_Lines.uasset" 245
"../../../Engine/Plugins/Runtime/AudioWidgets/Content/AudioMaterialSlate/Functions/MF_Lines.uexp" 246
"../../../Engine/Content/Functions/Engine_MaterialFunctions02/Lerp_3Color.uasset" 247
"../../../Engine/Content/Functions/Engine_MaterialFunctions02/Lerp_3Color.uexp" 248
"../../../Engine/Plugins/Runtime/AudioWidgets/Content/AudioMaterialSlate/M_AudioMaterialMeter.uasset" 249
"../../../Engine/Plugins/Runtime/AudioWidgets/Content/AudioMaterialSlate/M_AudioMaterialMeter.uexp" 250
"../../../Engine/Plugins/Runtime/AudioWidgets/Content/AudioMaterialSlate/MI_AudioMaterialMeter.uasset" 251
"../../../Engine/Plugins/Runtime/AudioWidgets/Content/AudioMaterialSlate/MI_AudioMaterialMeter.uexp" 252
"../../../Engine/Plugins/Runtime/AudioWidgets/Content/AudioMaterialSlate/M_AudioMaterialKnob.uasset" 253
"../../../Engine/Plugins/Runtime/AudioWidgets/Content/AudioMaterialSlate/M_AudioMaterialKnob.uexp" 254
"../../../Engine/Plugins/Runtime/AudioWidgets/Content/AudioMaterialSlate/MI_AudioMaterialKnob.uasset" 255
"../../../Engine/Plugins/Runtime/AudioWidgets/Content/AudioMaterialSlate/MI_AudioMaterialKnob.uexp" 256
"../../../Engine/Plugins/Runtime/AudioWidgets/Content/AudioMaterialSlate/Functions/MF_DotOutlined.uasset" 257
"../../../Engine/Plugins/Runtime/AudioWidgets/Content/AudioMaterialSlate/Functions/MF_DotOutlined.uexp" 258
"../../../Engine/Plugins/Runtime/AudioWidgets/Content/AudioMaterialSlate/M_AudioMaterialEnvelope_ADSR.uasset" 259
"../../../Engine/Plugins/Runtime/AudioWidgets/Content/AudioMaterialSlate/M_AudioMaterialEnvelope_ADSR.uexp" 260
"../../../Engine/Plugins/Runtime/AudioWidgets/Content/AudioMaterialSlate/MI_AudioMaterialEnvelope_ADSR.uasset" 261
"../../../Engine/Plugins/Runtime/AudioWidgets/Content/AudioMaterialSlate/MI_AudioMaterialEnvelope_ADSR.uexp" 262
"../../../Engine/Plugins/Interchange/Assets/Content/Functions/MX_UsdPreviewSurface.uasset" 263
"../../../Engine/Plugins/Interchange/Assets/Content/Functions/MX_UsdPreviewSurface.uexp" 264
"../../../Engine/Plugins/Interchange/Assets/Content/Functions/MX_UniformEDF.uasset" 265
"../../../Engine/Plugins/Interchange/Assets/Content/Functions/MX_UniformEDF.uexp" 266
"../../../Engine/Plugins/Interchange/Assets/Content/Functions/MX_TranslucentBSDF.uasset" 267
"../../../Engine/Plugins/Interchange/Assets/Content/Functions/MX_TranslucentBSDF.uexp" 268
"../../../Engine/Plugins/Interchange/Assets/Content/Functions/MX_ThinFilmBSDF.uasset" 269
"../../../Engine/Plugins/Interchange/Assets/Content/Functions/MX_ThinFilmBSDF.uexp" 270
"../../../Engine/Plugins/Interchange/Assets/Content/Functions/MX_SurfaceUnlit.uasset" 271
"../../../Engine/Plugins/Interchange/Assets/Content/Functions/MX_SurfaceUnlit.uexp" 272
"../../../Engine/Plugins/Interchange/Assets/Content/Functions/MX_Surface.uasset" 273
"../../../Engine/Plugins/Interchange/Assets/Content/Functions/MX_Surface.uexp" 274
"../../../Engine/Plugins/Interchange/Assets/Content/Functions/MX_SubsurfaceBSDF.uasset" 275
"../../../Engine/Plugins/Interchange/Assets/Content/Functions/MX_SubsurfaceBSDF.uexp" 276
"../../../Engine/Plugins/Interchange/Assets/Content/Functions/MX_SheenBSDF.uasset" 277
"../../../Engine/Plugins/Interchange/Assets/Content/Functions/MX_SheenBSDF.uexp" 278
"../../../Engine/Plugins/Interchange/Assets/Content/Functions/MX_OrenNayarBSDF.uasset" 279
"../../../Engine/Plugins/Interchange/Assets/Content/Functions/MX_OrenNayarBSDF.uexp" 280
"../../../Engine/Plugins/Interchange/Assets/Content/Utilities/New_LUT.uasset" 281
"../../../Engine/Plugins/Interchange/Assets/Content/Utilities/New_LUT.uexp" 282
"../../../Engine/Content/Functions/Engine_MaterialFunctions03/Math/RemapValueRange.uasset" 283
"../../../Engine/Content/Functions/Engine_MaterialFunctions03/Math/RemapValueRange.uexp" 284
"../../../Engine/Plugins/Interchange/Assets/Content/Functions/MF_Iridescence.uasset" 285
"../../../Engine/Plugins/Interchange/Assets/Content/Functions/MF_Iridescence.uexp" 286
"../../../Engine/Plugins/Interchange/Assets/Content/Functions/MX_StandardSurface.uasset" 287
"../../../Engine/Plugins/Interchange/Assets/Content/Functions/MX_StandardSurface.uexp" 288
"../../../Engine/Plugins/Interchange/Assets/Content/Functions/MX_TransmissionSurface.uasset" 289
"../../../Engine/Plugins/Interchange/Assets/Content/Functions/MX_TransmissionSurface.uexp" 290
"../../../Engine/Plugins/Interchange/Assets/Content/Functions/MX_OpenPBR_Translucent.uasset" 291
"../../../Engine/Plugins/Interchange/Assets/Content/Functions/MX_OpenPBR_Translucent.uexp" 292
"../../../Engine/Plugins/Interchange/Assets/Content/Functions/MX_OpenPBR_Opaque.uasset" 293
"../../../Engine/Plugins/Interchange/Assets/Content/Functions/MX_OpenPBR_Opaque.uexp" 294
"../../../Engine/Plugins/Interchange/Assets/Content/Functions/MX_MeasuredEDF.uasset" 295
"../../../Engine/Plugins/Interchange/Assets/Content/Functions/MX_MeasuredEDF.uexp" 296
"../../../Engine/Plugins/Interchange/Assets/Content/Functions/MX_GeneralizedSchlickBSDF.uasset" 297
"../../../Engine/Plugins/Interchange/Assets/Content/Functions/MX_GeneralizedSchlickBSDF.uexp" 298
"../../../Engine/Plugins/Interchange/Assets/Content/Functions/MX_DielectricBSDF.uasset" 299
"../../../Engine/Plugins/Interchange/Assets/Content/Functions/MX_DielectricBSDF.uexp" 300
"../../../Engine/Plugins/Interchange/Assets/Content/Functions/MX_ConicalEDF.uasset" 301
"../../../Engine/Plugins/Interchange/Assets/Content/Functions/MX_ConicalEDF.uexp" 302
"../../../Engine/Plugins/Interchange/Assets/Content/Functions/MX_ConductorBSDF.uasset" 303
"../../../Engine/Plugins/Interchange/Assets/Content/Functions/MX_ConductorBSDF.uexp" 304
"../../../Engine/Plugins/Interchange/Assets/Content/Functions/MX_BurleyDiffuseBSDF.uasset" 305
"../../../Engine/Plugins/Interchange/Assets/Content/Functions/MX_BurleyDiffuseBSDF.uexp" 306
"../../../Engine/Plugins/Interchange/Assets/Content/Functions/MX_AnisotropicVDF.uasset" 307
"../../../Engine/Plugins/Interchange/Assets/Content/Functions/MX_AnisotropicVDF.uexp" 308
"../../../Engine/Plugins/Interchange/Assets/Content/Functions/MX_AbsorptionVDF.uasset" 309
"../../../Engine/Plugins/Interchange/Assets/Content/Functions/MX_AbsorptionVDF.uexp" 310
"../../../Engine/Plugins/Editor/SpeedTreeImporter/Content/SpeedTree9/game_wind_noise.ubulk" 311
"../../../Engine/Plugins/Editor/SpeedTreeImporter/Content/SpeedTree9/game_wind_noise.uasset" 312
"../../../Engine/Plugins/Editor/SpeedTreeImporter/Content/SpeedTree9/game_wind_noise.uexp" 313
"../../../Engine/Plugins/Editor/SpeedTreeImporter/Content/SpeedTree9/UnpackDirection.uasset" 314
"../../../Engine/Plugins/Editor/SpeedTreeImporter/Content/SpeedTree9/UnpackDirection.uexp" 315
"../../../Engine/Content/Functions/Engine_MaterialFunctions02/ObjectLocalBounds.uasset" 316
"../../../Engine/Content/Functions/Engine_MaterialFunctions02/ObjectLocalBounds.uexp" 317
"../../../Engine/Content/Functions/Engine_MaterialFunctions02/Utility/BreakOutFloat3Components.uasset" 318
"../../../Engine/Content/Functions/Engine_MaterialFunctions02/Utility/BreakOutFloat3Components.uexp" 319
"../../../Engine/Content/Functions/Engine_MaterialFunctions02/UVs/BoundingBoxBased_0-1_UVW.uasset" 320
"../../../Engine/Content/Functions/Engine_MaterialFunctions02/UVs/BoundingBoxBased_0-1_UVW.uexp" 321
"../../../Engine/Plugins/Editor/SpeedTreeImporter/Content/SpeedTree9/UnpackInteger3.uasset" 322
"../../../Engine/Plugins/Editor/SpeedTreeImporter/Content/SpeedTree9/UnpackInteger3.uexp" 323
"../../../Engine/Plugins/Editor/SpeedTreeImporter/Content/SpeedTree9/SpeedTreeCameraFacing.uasset" 324
"../../../Engine/Plugins/Editor/SpeedTreeImporter/Content/SpeedTree9/SpeedTreeCameraFacing.uexp" 325
"../../../Engine/Content/Functions/Engine_MaterialFunctions02/WorldPositionOffset/ObjectScale.uasset" 326
"../../../Engine/Content/Functions/Engine_MaterialFunctions02/WorldPositionOffset/ObjectScale.uexp" 327
"../../../Engine/Content/Functions/Engine_MaterialFunctions02/SafeNormalize.uasset" 328
"../../../Engine/Content/Functions/Engine_MaterialFunctions02/SafeNormalize.uexp" 329
"../../../Engine/Plugins/Editor/SpeedTreeImporter/Content/SpeedTree9/SpeedTreeWindMotion.uasset" 330
"../../../Engine/Plugins/Editor/SpeedTreeImporter/Content/SpeedTree9/SpeedTreeWindMotion.uexp" 331
"../../../Engine/Plugins/Editor/SpeedTreeImporter/Content/SpeedTree9/SpeedTreeBranchMotion.uasset" 332
"../../../Engine/Plugins/Editor/SpeedTreeImporter/Content/SpeedTree9/SpeedTreeBranchMotion.uexp" 333
"../../../Engine/Plugins/Editor/SpeedTreeImporter/Content/SpeedTree9/SpeedTreeWind.uasset" 334
"../../../Engine/Plugins/Editor/SpeedTreeImporter/Content/SpeedTree9/SpeedTreeWind.uexp" 335
"../../../Engine/Plugins/Editor/SpeedTreeImporter/Content/SpeedTree9/EmptyNormal.uasset" 336
"../../../Engine/Plugins/Editor/SpeedTreeImporter/Content/SpeedTree9/EmptyNormal.uexp" 337
"../../../Engine/Plugins/Editor/SpeedTreeImporter/Content/SpeedTree9/Empty.uasset" 338
"../../../Engine/Plugins/Editor/SpeedTreeImporter/Content/SpeedTree9/Empty.uexp" 339
"../../../Engine/Plugins/Editor/SpeedTreeImporter/Content/SpeedTree9/SpeedTreeMaster.uasset" 340
"../../../Engine/Plugins/Editor/SpeedTreeImporter/Content/SpeedTree9/SpeedTreeMaster.uexp" 341
"../../../Engine/Plugins/Editor/SpeedTreeImporter/Content/SpeedTree9/SpeedTreeBillboard.uasset" 342
"../../../Engine/Plugins/Editor/SpeedTreeImporter/Content/SpeedTree9/SpeedTreeBillboard.uexp" 343
"../../../Engine/Plugins/Editor/SpeedTreeImporter/Content/SpeedTree9/SpeedTreeBillboardMaster.uasset" 344
"../../../Engine/Plugins/Editor/SpeedTreeImporter/Content/SpeedTree9/SpeedTreeBillboardMaster.uexp" 345
"../../../Engine/Plugins/Animation/ControlRig/Content/Controls/ControlRig_Wedge_solid.ubulk" 346
"../../../Engine/Plugins/Animation/ControlRig/Content/Controls/ControlRig_Wedge_solid.uasset" 347
"../../../Engine/Plugins/Animation/ControlRig/Content/Controls/ControlRig_Wedge_solid.uexp" 348
"../../../Engine/Plugins/Animation/ControlRig/Content/Controls/ControlRig_Wedge_3mm.ubulk" 349
"../../../Engine/Plugins/Animation/ControlRig/Content/Controls/ControlRig_Wedge_3mm.uasset" 350
"../../../Engine/Plugins/Animation/ControlRig/Content/Controls/ControlRig_Wedge_3mm.uexp" 351
"../../../Engine/Plugins/Animation/ControlRig/Content/Controls/ControlRig_Wedge_1mm.ubulk" 352
"../../../Engine/Plugins/Animation/ControlRig/Content/Controls/ControlRig_Wedge_1mm.uasset" 353
"../../../Engine/Plugins/Animation/ControlRig/Content/Controls/ControlRig_Wedge_1mm.uexp" 354
"../../../Engine/Plugins/Animation/ControlRig/Content/Controls/ControlRig_Triangle_solid.ubulk" 355
"../../../Engine/Plugins/Animation/ControlRig/Content/Controls/ControlRig_Triangle_solid.uasset" 356
"../../../Engine/Plugins/Animation/ControlRig/Content/Controls/ControlRig_Triangle_solid.uexp" 357
"../../../Engine/Plugins/Animation/ControlRig/Content/Controls/ControlRig_Triangle_3mm.ubulk" 358
"../../../Engine/Plugins/Animation/ControlRig/Content/Controls/ControlRig_Triangle_3mm.uasset" 359
"../../../Engine/Plugins/Animation/ControlRig/Content/Controls/ControlRig_Triangle_3mm.uexp" 360
"../../../Engine/Plugins/Animation/ControlRig/Content/Controls/ControlRig_Triangle_1mm.ubulk" 361
"../../../Engine/Plugins/Animation/ControlRig/Content/Controls/ControlRig_Triangle_1mm.uasset" 362
"../../../Engine/Plugins/Animation/ControlRig/Content/Controls/ControlRig_Triangle_1mm.uexp" 363
"../../../Engine/Plugins/Animation/ControlRig/Content/Controls/ControlRig_Star4_solid.ubulk" 364
"../../../Engine/Plugins/Animation/ControlRig/Content/Controls/ControlRig_Star4_solid.uasset" 365
"../../../Engine/Plugins/Animation/ControlRig/Content/Controls/ControlRig_Star4_solid.uexp" 366
"../../../Engine/Plugins/Animation/ControlRig/Content/Controls/ControlRig_Star4_3mm.ubulk" 367
"../../../Engine/Plugins/Animation/ControlRig/Content/Controls/ControlRig_Star4_3mm.uasset" 368
"../../../Engine/Plugins/Animation/ControlRig/Content/Controls/ControlRig_Star4_3mm.uexp" 369
"../../../Engine/Plugins/Animation/ControlRig/Content/Controls/ControlRig_Star4_1mm.ubulk" 370
"../../../Engine/Plugins/Animation/ControlRig/Content/Controls/ControlRig_Star4_1mm.uasset" 371
"../../../Engine/Plugins/Animation/ControlRig/Content/Controls/ControlRig_Star4_1mm.uexp" 372
"../../../Engine/Plugins/Animation/ControlRig/Content/Controls/ControlRig_Square_solid.ubulk" 373
"../../../Engine/Plugins/Animation/ControlRig/Content/Controls/ControlRig_Square_solid.uasset" 374
"../../../Engine/Plugins/Animation/ControlRig/Content/Controls/ControlRig_Square_solid.uexp" 375
"../../../Engine/Plugins/Animation/ControlRig/Content/Controls/ControlRig_Square_3mm.ubulk" 376
"../../../Engine/Plugins/Animation/ControlRig/Content/Controls/ControlRig_Square_3mm.uasset" 377
"../../../Engine/Plugins/Animation/ControlRig/Content/Controls/ControlRig_Square_3mm.uexp" 378
"../../../Engine/Plugins/Animation/ControlRig/Content/Controls/ControlRig_Square_1mm.ubulk" 379
"../../../Engine/Plugins/Animation/ControlRig/Content/Controls/ControlRig_Square_1mm.uasset" 380
"../../../Engine/Plugins/Animation/ControlRig/Content/Controls/ControlRig_Square_1mm.uexp" 381
"../../../Engine/Plugins/Animation/ControlRig/Content/Controls/ControlRig_Sphere_solid.ubulk" 382
"../../../Engine/Plugins/Animation/ControlRig/Content/Controls/ControlRig_Sphere_solid.uasset" 383
"../../../Engine/Plugins/Animation/ControlRig/Content/Controls/ControlRig_Sphere_solid.uexp" 384
"../../../Engine/Plugins/Animation/ControlRig/Content/Controls/ControlRig_Sphere_3mm.ubulk" 385
"../../../Engine/Plugins/Animation/ControlRig/Content/Controls/ControlRig_Sphere_3mm.uasset" 386
"../../../Engine/Plugins/Animation/ControlRig/Content/Controls/ControlRig_Sphere_3mm.uexp" 387
"../../../Engine/Plugins/Animation/ControlRig/Content/Controls/ControlRig_Sphere_1mm.ubulk" 388
"../../../Engine/Plugins/Animation/ControlRig/Content/Controls/ControlRig_Sphere_1mm.uasset" 389
"../../../Engine/Plugins/Animation/ControlRig/Content/Controls/ControlRig_Sphere_1mm.uexp" 390
"../../../Engine/Plugins/Animation/ControlRig/Content/Controls/ControlRig_RoundedTriangle_solid.ubulk" 391
"../../../Engine/Plugins/Animation/ControlRig/Content/Controls/ControlRig_RoundedTriangle_solid.uasset" 392
"../../../Engine/Plugins/Animation/ControlRig/Content/Controls/ControlRig_RoundedTriangle_solid.uexp" 393
"../../../Engine/Plugins/Animation/ControlRig/Content/Controls/ControlRig_RoundedTriangle_3mm.ubulk" 394
"../../../Engine/Plugins/Animation/ControlRig/Content/Controls/ControlRig_RoundedTriangle_3mm.uasset" 395
"../../../Engine/Plugins/Animation/ControlRig/Content/Controls/ControlRig_RoundedTriangle_3mm.uexp" 396
"../../../Engine/Plugins/Animation/ControlRig/Content/Controls/ControlRig_RoundedTriangle_1mm.ubulk" 397
"../../../Engine/Plugins/Animation/ControlRig/Content/Controls/ControlRig_RoundedTriangle_1mm.uasset" 398
"../../../Engine/Plugins/Animation/ControlRig/Content/Controls/ControlRig_RoundedTriangle_1mm.uexp" 399
"../../../Engine/Plugins/Animation/ControlRig/Content/Controls/ControlRig_RoundedSquare_solid.ubulk" 400
"../../../Engine/Plugins/Animation/ControlRig/Content/Controls/ControlRig_RoundedSquare_solid.uasset" 401
"../../../Engine/Plugins/Animation/ControlRig/Content/Controls/ControlRig_RoundedSquare_solid.uexp" 402
"../../../Engine/Plugins/Animation/ControlRig/Content/Controls/ControlRig_RoundedSquare_3mm.ubulk" 403
"../../../Engine/Plugins/Animation/ControlRig/Content/Controls/ControlRig_RoundedSquare_3mm.uasset" 404
"../../../Engine/Plugins/Animation/ControlRig/Content/Controls/ControlRig_RoundedSquare_3mm.uexp" 405
"../../../Engine/Plugins/Animation/ControlRig/Content/Controls/ControlRig_RoundedSquare_1mm.ubulk" 406
"../../../Engine/Plugins/Animation/ControlRig/Content/Controls/ControlRig_RoundedSquare_1mm.uasset" 407
"../../../Engine/Plugins/Animation/ControlRig/Content/Controls/ControlRig_RoundedSquare_1mm.uexp" 408
"../../../Engine/Plugins/Animation/ControlRig/Content/Controls/ControlRig_QuarterCircle_solid.ubulk" 409
"../../../Engine/Plugins/Animation/ControlRig/Content/Controls/ControlRig_QuarterCircle_solid.uasset" 410
"../../../Engine/Plugins/Animation/ControlRig/Content/Controls/ControlRig_QuarterCircle_solid.uexp" 411
"../../../Engine/Plugins/Animation/ControlRig/Content/Controls/ControlRig_QuarterCircle_3mm.ubulk" 412
"../../../Engine/Plugins/Animation/ControlRig/Content/Controls/ControlRig_QuarterCircle_3mm.uasset" 413
"../../../Engine/Plugins/Animation/ControlRig/Content/Controls/ControlRig_QuarterCircle_3mm.uexp" 414
"../../../Engine/Plugins/Animation/ControlRig/Content/Controls/ControlRig_QuarterCircle_1mm.ubulk" 415
"../../../Engine/Plugins/Animation/ControlRig/Content/Controls/ControlRig_QuarterCircle_1mm.uasset" 416
"../../../Engine/Plugins/Animation/ControlRig/Content/Controls/ControlRig_QuarterCircle_1mm.uexp" 417
"../../../Engine/Plugins/Animation/ControlRig/Content/Controls/ControlRig_Pyramid_solid.ubulk" 418
"../../../Engine/Plugins/Animation/ControlRig/Content/Controls/ControlRig_Pyramid_solid.uasset" 419
"../../../Engine/Plugins/Animation/ControlRig/Content/Controls/ControlRig_Pyramid_solid.uexp" 420
"../../../Engine/Plugins/Animation/ControlRig/Content/Controls/ControlRig_Pyramid_3mm.ubulk" 421
"../../../Engine/Plugins/Animation/ControlRig/Content/Controls/ControlRig_Pyramid_3mm.uasset" 422
"../../../Engine/Plugins/Animation/ControlRig/Content/Controls/ControlRig_Pyramid_3mm.uexp" 423
"../../../Engine/Plugins/Animation/ControlRig/Content/Controls/ControlRig_Pyramid_1mm.ubulk" 424
"../../../Engine/Plugins/Animation/ControlRig/Content/Controls/ControlRig_Pyramid_1mm.uasset" 425
"../../../Engine/Plugins/Animation/ControlRig/Content/Controls/ControlRig_Pyramid_1mm.uexp" 426
"../../../Engine/Plugins/Animation/ControlRig/Content/Controls/ControlRig_Octagon_solid.ubulk" 427
"../../../Engine/Plugins/Animation/ControlRig/Content/Controls/ControlRig_Octagon_solid.uasset" 428
"../../../Engine/Plugins/Animation/ControlRig/Content/Controls/ControlRig_Octagon_solid.uexp" 429
"../../../Engine/Plugins/Animation/ControlRig/Content/Controls/ControlRig_Octagon_3mm.ubulk" 430
"../../../Engine/Plugins/Animation/ControlRig/Content/Controls/ControlRig_Octagon_3mm.uasset" 431
"../../../Engine/Plugins/Animation/ControlRig/Content/Controls/ControlRig_Octagon_3mm.uexp" 432
"../../../Engine/Plugins/Animation/ControlRig/Content/Controls/ControlRig_Octagon_1mm.ubulk" 433
"../../../Engine/Plugins/Animation/ControlRig/Content/Controls/ControlRig_Octagon_1mm.uasset" 434
"../../../Engine/Plugins/Animation/ControlRig/Content/Controls/ControlRig_Octagon_1mm.uexp" 435
"../../../Engine/Plugins/Animation/ControlRig/Content/Controls/ControlRig_Hexagon_solid.ubulk" 436
"../../../Engine/Plugins/Animation/ControlRig/Content/Controls/ControlRig_Hexagon_solid.uasset" 437
"../../../Engine/Plugins/Animation/ControlRig/Content/Controls/ControlRig_Hexagon_solid.uexp" 438
"../../../Engine/Plugins/Animation/ControlRig/Content/Controls/ControlRig_Hexagon_3mm.ubulk" 439
"../../../Engine/Plugins/Animation/ControlRig/Content/Controls/ControlRig_Hexagon_3mm.uasset" 440
"../../../Engine/Plugins/Animation/ControlRig/Content/Controls/ControlRig_Hexagon_3mm.uexp" 441
"../../../Engine/Plugins/Animation/ControlRig/Content/Controls/ControlRig_Hexagon_1mm.ubulk" 442
"../../../Engine/Plugins/Animation/ControlRig/Content/Controls/ControlRig_Hexagon_1mm.uasset" 443
"../../../Engine/Plugins/Animation/ControlRig/Content/Controls/ControlRig_Hexagon_1mm.uexp" 444
"../../../Engine/Plugins/Animation/ControlRig/Content/Controls/ControlRig_HalfCircle_solid.ubulk" 445
"../../../Engine/Plugins/Animation/ControlRig/Content/Controls/ControlRig_HalfCircle_solid.uasset" 446
"../../../Engine/Plugins/Animation/ControlRig/Content/Controls/ControlRig_HalfCircle_solid.uexp" 447
"../../../Engine/Plugins/Animation/ControlRig/Content/Controls/ControlRig_HalfCircle_3mm.ubulk" 448
"../../../Engine/Plugins/Animation/ControlRig/Content/Controls/ControlRig_HalfCircle_3mm.uasset" 449
"../../../Engine/Plugins/Animation/ControlRig/Content/Controls/ControlRig_HalfCircle_3mm.uexp" 450
"../../../Engine/Plugins/Animation/ControlRig/Content/Controls/ControlRig_HalfCircle_1mm.ubulk" 451
"../../../Engine/Plugins/Animation/ControlRig/Content/Controls/ControlRig_HalfCircle_1mm.uasset" 452
"../../../Engine/Plugins/Animation/ControlRig/Content/Controls/ControlRig_HalfCircle_1mm.uexp" 453
"../../../Engine/Plugins/Animation/ControlRig/Content/Controls/ControlRig_Diamond_solid.ubulk" 454
"../../../Engine/Plugins/Animation/ControlRig/Content/Controls/ControlRig_Diamond_solid.uasset" 455
"../../../Engine/Plugins/Animation/ControlRig/Content/Controls/ControlRig_Diamond_solid.uexp" 456
"../../../Engine/Plugins/Animation/ControlRig/Content/Controls/ControlRig_Diamond_3mm.ubulk" 457
"../../../Engine/Plugins/Animation/ControlRig/Content/Controls/ControlRig_Diamond_3mm.uasset" 458
"../../../Engine/Plugins/Animation/ControlRig/Content/Controls/ControlRig_Diamond_3mm.uexp" 459
"../../../Engine/Plugins/Animation/ControlRig/Content/Controls/ControlRig_Diamond_1mm.ubulk" 460
"../../../Engine/Plugins/Animation/ControlRig/Content/Controls/ControlRig_Diamond_1mm.uasset" 461
"../../../Engine/Plugins/Animation/ControlRig/Content/Controls/ControlRig_Diamond_1mm.uexp" 462
"../../../Engine/Plugins/Animation/ControlRig/Content/Controls/ControlRig_Circle_solid.ubulk" 463
"../../../Engine/Plugins/Animation/ControlRig/Content/Controls/ControlRig_Circle_solid.uasset" 464
"../../../Engine/Plugins/Animation/ControlRig/Content/Controls/ControlRig_Circle_solid.uexp" 465
"../../../Engine/Plugins/Animation/ControlRig/Content/Controls/ControlRig_Circle_3mm.ubulk" 466
"../../../Engine/Plugins/Animation/ControlRig/Content/Controls/ControlRig_Circle_3mm.uasset" 467
"../../../Engine/Plugins/Animation/ControlRig/Content/Controls/ControlRig_Circle_3mm.uexp" 468
"../../../Engine/Plugins/Animation/ControlRig/Content/Controls/ControlRig_Circle_1mm.ubulk" 469
"../../../Engine/Plugins/Animation/ControlRig/Content/Controls/ControlRig_Circle_1mm.uasset" 470
"../../../Engine/Plugins/Animation/ControlRig/Content/Controls/ControlRig_Circle_1mm.uexp" 471
"../../../Engine/Plugins/Animation/ControlRig/Content/Controls/ControlRig_Box_solid.ubulk" 472
"../../../Engine/Plugins/Animation/ControlRig/Content/Controls/ControlRig_Box_solid.uasset" 473
"../../../Engine/Plugins/Animation/ControlRig/Content/Controls/ControlRig_Box_solid.uexp" 474
"../../../Engine/Plugins/Animation/ControlRig/Content/Controls/ControlRig_Box_3mm.ubulk" 475
"../../../Engine/Plugins/Animation/ControlRig/Content/Controls/ControlRig_Box_3mm.uasset" 476
"../../../Engine/Plugins/Animation/ControlRig/Content/Controls/ControlRig_Box_3mm.uexp" 477
"../../../Engine/Plugins/Animation/ControlRig/Content/Controls/ControlRig_Box_1mm.ubulk" 478
"../../../Engine/Plugins/Animation/ControlRig/Content/Controls/ControlRig_Box_1mm.uasset" 479
"../../../Engine/Plugins/Animation/ControlRig/Content/Controls/ControlRig_Box_1mm.uexp" 480
"../../../Engine/Plugins/Animation/ControlRig/Content/Controls/ControlRig_Arrow_solid.ubulk" 481
"../../../Engine/Plugins/Animation/ControlRig/Content/Controls/ControlRig_Arrow_solid.uasset" 482
"../../../Engine/Plugins/Animation/ControlRig/Content/Controls/ControlRig_Arrow_solid.uexp" 483
"../../../Engine/Plugins/Animation/ControlRig/Content/Controls/ControlRig_Arrow_3mm.ubulk" 484
"../../../Engine/Plugins/Animation/ControlRig/Content/Controls/ControlRig_Arrow_3mm.uasset" 485
"../../../Engine/Plugins/Animation/ControlRig/Content/Controls/ControlRig_Arrow_3mm.uexp" 486
"../../../Engine/Plugins/Animation/ControlRig/Content/Controls/ControlRig_Arrow_1mm.ubulk" 487
"../../../Engine/Plugins/Animation/ControlRig/Content/Controls/ControlRig_Arrow_1mm.uasset" 488
"../../../Engine/Plugins/Animation/ControlRig/Content/Controls/ControlRig_Arrow_1mm.uexp" 489
"../../../Engine/Plugins/Animation/ControlRig/Content/Controls/ControlRig_Arrow4_solid.ubulk" 490
"../../../Engine/Plugins/Animation/ControlRig/Content/Controls/ControlRig_Arrow4_solid.uasset" 491
"../../../Engine/Plugins/Animation/ControlRig/Content/Controls/ControlRig_Arrow4_solid.uexp" 492
"../../../Engine/Plugins/Animation/ControlRig/Content/Controls/ControlRig_Arrow4_3mm.ubulk" 493
"../../../Engine/Plugins/Animation/ControlRig/Content/Controls/ControlRig_Arrow4_3mm.uasset" 494
"../../../Engine/Plugins/Animation/ControlRig/Content/Controls/ControlRig_Arrow4_3mm.uexp" 495
"../../../Engine/Plugins/Animation/ControlRig/Content/Controls/ControlRig_Arrow4_1mm.ubulk" 496
"../../../Engine/Plugins/Animation/ControlRig/Content/Controls/ControlRig_Arrow4_1mm.uasset" 497
"../../../Engine/Plugins/Animation/ControlRig/Content/Controls/ControlRig_Arrow4_1mm.uexp" 498
"../../../Engine/Plugins/Animation/ControlRig/Content/Controls/ControlRig_Arrow2_solid.ubulk" 499
"../../../Engine/Plugins/Animation/ControlRig/Content/Controls/ControlRig_Arrow2_solid.uasset" 500
"../../../Engine/Plugins/Animation/ControlRig/Content/Controls/ControlRig_Arrow2_solid.uexp" 501
"../../../Engine/Plugins/Animation/ControlRig/Content/Controls/ControlRig_Arrow2_3mm.ubulk" 502
"../../../Engine/Plugins/Animation/ControlRig/Content/Controls/ControlRig_Arrow2_3mm.uasset" 503
"../../../Engine/Plugins/Animation/ControlRig/Content/Controls/ControlRig_Arrow2_3mm.uexp" 504
"../../../Engine/Plugins/Animation/ControlRig/Content/Controls/ControlRig_Arrow2_1mm.ubulk" 505
"../../../Engine/Plugins/Animation/ControlRig/Content/Controls/ControlRig_Arrow2_1mm.uasset" 506
"../../../Engine/Plugins/Animation/ControlRig/Content/Controls/ControlRig_Arrow2_1mm.uexp" 507
"../../../Engine/Plugins/Animation/ControlRig/Content/Controls/ControlRigXRayMaterial.uasset" 508
"../../../Engine/Plugins/Animation/ControlRig/Content/Controls/ControlRigXRayMaterial.uexp" 509
"../../../Engine/Plugins/Animation/ControlRig/Content/Controls/ControlRigGizmoMaterial.uasset" 510
"../../../Engine/Plugins/Animation/ControlRig/Content/Controls/ControlRigGizmoMaterial.uexp" 511
"../../../Engine/Content/EngineResources/WhiteSquareTexture.uasset" 512
"../../../Engine/Content/EngineResources/WhiteSquareTexture.uexp" 513
"../../../Engine/Content/EngineMaterials/Widget3DPassThrough.uasset" 514
"../../../Engine/Content/EngineMaterials/Widget3DPassThrough.uexp" 515
"../../../Engine/Content/EngineMaterials/Widget3DPassThrough_Translucent.uasset" 516
"../../../Engine/Content/EngineMaterials/Widget3DPassThrough_Translucent.uexp" 517
"../../../Engine/Content/EngineMaterials/Widget3DPassThrough_Translucent_OneSided.uasset" 518
"../../../Engine/Content/EngineMaterials/Widget3DPassThrough_Translucent_OneSided.uexp" 519
"../../../Engine/Content/EngineMaterials/Widget3DPassThrough_Opaque.uasset" 520
"../../../Engine/Content/EngineMaterials/Widget3DPassThrough_Opaque.uexp" 521
"../../../Engine/Content/EngineMaterials/Widget3DPassThrough_Opaque_OneSided.uasset" 522
"../../../Engine/Content/EngineMaterials/Widget3DPassThrough_Opaque_OneSided.uexp" 523
"../../../Engine/Content/EngineMaterials/Widget3DPassThrough_Masked_OneSided.uasset" 524
"../../../Engine/Content/EngineMaterials/Widget3DPassThrough_Masked_OneSided.uexp" 525
"../../../Engine/Content/EngineMaterials/Widget3DPassThrough_Masked.uasset" 526
"../../../Engine/Content/EngineMaterials/Widget3DPassThrough_Masked.uexp" 527
"../../../Engine/Content/EngineMaterials/WeightMapPlaceholderTexture.uasset" 528
"../../../Engine/Content/EngineMaterials/WeightMapPlaceholderTexture.uexp" 529
"../../../Engine/Content/EngineMaterials/WeightMapArrayPlaceholderTexture.uasset" 530
"../../../Engine/Content/EngineMaterials/WeightMapArrayPlaceholderTexture.uexp" 531
"../../../Engine/Content/EngineMaterials/RemoveSurfaceMaterial.uasset" 532
"../../../Engine/Content/EngineMaterials/RemoveSurfaceMaterial.uexp" 533
"../../../Engine/Content/EngineMaterials/DefaultCalibrationGrayscale.uasset" 534
"../../../Engine/Content/EngineMaterials/DefaultCalibrationGrayscale.uexp" 535
"../../../Engine/Content/EngineMaterials/PPM_DefaultCalibrationGrayscale.uasset" 536
"../../../Engine/Content/EngineMaterials/PPM_DefaultCalibrationGrayscale.uexp" 537
"../../../Engine/Content/EngineMaterials/DefaultCalibrationColor.uasset" 538
"../../../Engine/Content/EngineMaterials/DefaultCalibrationColor.uexp" 539
"../../../Engine/Content/EngineMaterials/PPM_DefaultCalibrationColor.uasset" 540
"../../../Engine/Content/EngineMaterials/PPM_DefaultCalibrationColor.uexp" 541
"../../../Engine/Content/EngineMaterials/PhAT_JointLimitMaterial.uasset" 542
"../../../Engine/Content/EngineMaterials/PhAT_JointLimitMaterial.uexp" 543
"../../../Engine/Content/EngineMaterials/NaniteHiddenSectionMaterial.uasset" 544
"../../../Engine/Content/EngineMaterials/NaniteHiddenSectionMaterial.uexp" 545
"../../../Engine/Content/EngineMaterials/InvalidLightmapSettings.ubulk" 546
"../../../Engine/Content/EngineMaterials/InvalidLightmapSettings.uasset" 547
"../../../Engine/Content/EngineMaterials/InvalidLightmapSettings.uexp" 548
"../../../Engine/Content/EngineMaterials/M_InvalidLightmapSettings.uasset" 549
"../../../Engine/Content/EngineMaterials/M_InvalidLightmapSettings.uexp" 550
"../../../Engine/Content/EngineMaterials/GizmoMaterial.uasset" 551
"../../../Engine/Content/EngineMaterials/GizmoMaterial.uexp" 552
"../../../Engine/Content/EngineMaterials/BaseFlattenEmissiveMap_VT.uasset" 553
"../../../Engine/Content/EngineMaterials/BaseFlattenEmissiveMap_VT.uexp" 554
"../../../Engine/Content/EngineMaterials/BaseFlattenGrayscaleMap_VT.uasset" 555
"../../../Engine/Content/EngineMaterials/BaseFlattenGrayscaleMap_VT.uexp" 556
"../../../Engine/Content/EngineMaterials/BaseFlattenLinearColor_VT.uasset" 557
"../../../Engine/Content/EngineMaterials/BaseFlattenLinearColor_VT.uexp" 558
"../../../Engine/Content/EngineMaterials/Black_1x1_EXR_Texture_VT.uasset" 559
"../../../Engine/Content/EngineMaterials/Black_1x1_EXR_Texture_VT.uexp" 560
"../../../Engine/Content/EngineMaterials/BaseFlattenDiffuseMap_VT.uasset" 561
"../../../Engine/Content/EngineMaterials/BaseFlattenDiffuseMap_VT.uexp" 562
"../../../Engine/Content/EngineMaterials/BaseFlattenNormalMap_VT.uasset" 563
"../../../Engine/Content/EngineMaterials/BaseFlattenNormalMap_VT.uexp" 564
"../../../Engine/Content/EngineMaterials/FlattenMaterial_WS_Normal_VT.uasset" 565
"../../../Engine/Content/EngineMaterials/FlattenMaterial_WS_Normal_VT.uexp" 566
"../../../Engine/Content/EngineMaterials/FlattenMaterial_VT.uasset" 567
"../../../Engine/Content/EngineMaterials/FlattenMaterial_VT.uexp" 568
"../../../Engine/Content/EngineMaterials/BaseFlattenNormalMap.uasset" 569
"../../../Engine/Content/EngineMaterials/BaseFlattenNormalMap.uexp" 570
"../../../Engine/Content/EngineMaterials/BaseFlattenGrayscaleMap.uasset" 571
"../../../Engine/Content/EngineMaterials/BaseFlattenGrayscaleMap.uexp" 572
"../../../Engine/Content/EngineMaterials/BaseFlattenDiffuseMap.uasset" 573
"../../../Engine/Content/EngineMaterials/BaseFlattenDiffuseMap.uexp" 574
"../../../Engine/Content/Functions/Engine_MaterialFunctions02/PivotPainter2/Black_1x1_EXR_Texture.uasset" 575
"../../../Engine/Content/Functions/Engine_MaterialFunctions02/PivotPainter2/Black_1x1_EXR_Texture.uexp" 576
"../../../Engine/Content/EngineMaterials/BaseFlattenEmissiveMap.uasset" 577
"../../../Engine/Content/EngineMaterials/BaseFlattenEmissiveMap.uexp" 578
"../../../Engine/Content/EngineMaterials/BaseFlattenLinearColor.uasset" 579
"../../../Engine/Content/EngineMaterials/BaseFlattenLinearColor.uexp" 580
"../../../Engine/Content/EngineMaterials/FlattenMaterial.uasset" 581
"../../../Engine/Content/EngineMaterials/FlattenMaterial.uexp" 582
"../../../Engine/Content/EngineMaterials/DefaultWhiteGrid_Low.uasset" 583
"../../../Engine/Content/EngineMaterials/DefaultWhiteGrid_Low.uexp" 584
"../../../Engine/Content/EngineMaterials/EmissiveMeshMaterial.uasset" 585
"../../../Engine/Content/EngineMaterials/EmissiveMeshMaterial.uexp" 586
"../../../Engine/Content/EngineFonts/RobotoDistanceField.uasset" 587
"../../../Engine/Content/EngineFonts/RobotoDistanceField.uexp" 588
"../../../Engine/Content/EngineMaterials/DefaultTextMaterialOpaque.uasset" 589
"../../../Engine/Content/EngineMaterials/DefaultTextMaterialOpaque.uexp" 590
"../../../Engine/Content/EngineMaterials/DefaultDiffuse.ubulk" 591
"../../../Engine/Content/EngineMaterials/DefaultDiffuse.uasset" 592
"../../../Engine/Content/EngineMaterials/DefaultDiffuse.uexp" 593
"../../../Engine/Content/EngineMaterials/DefaultPostProcessMaterial.uasset" 594
"../../../Engine/Content/EngineMaterials/DefaultPostProcessMaterial.uexp" 595
"../../../Engine/Content/EngineMaterials/DefaultLightFunctionMaterial.uasset" 596
"../../../Engine/Content/EngineMaterials/DefaultLightFunctionMaterial.uexp" 597
"../../../Engine/Content/EngineMaterials/DefaultDeferredDecalMaterial.uasset" 598
"../../../Engine/Content/EngineMaterials/DefaultDeferredDecalMaterial.uexp" 599
"../../../Engine/Content/Functions/Engine_MaterialFunctions02/Utility/CameraDirectionVector.uasset" 600
"../../../Engine/Content/Functions/Engine_MaterialFunctions02/Utility/CameraDirectionVector.uexp" 601
"../../../Engine/Content/EngineDebugMaterials/VolumeToRender.uasset" 602
"../../../Engine/Content/EngineDebugMaterials/VolumeToRender.uexp" 603
"../../../Engine/Content/EngineDebugMaterials/M_VolumeRenderSphereTracePP.uasset" 604
"../../../Engine/Content/EngineDebugMaterials/M_VolumeRenderSphereTracePP.uexp" 605
"../../../Engine/Content/EngineDebugMaterials/M_SimpleUnlitTranslucent.uasset" 606
"../../../Engine/Content/EngineDebugMaterials/M_SimpleUnlitTranslucent.uexp" 607
"../../../Engine/Content/EngineDebugMaterials/DebugMeshMaterial.uasset" 608
"../../../Engine/Content/EngineDebugMaterials/DebugMeshMaterial.uexp" 609
"../../../Engine/Content/EngineDebugMaterials/DebugEditorMaterial.uasset" 610
"../../../Engine/Content/EngineDebugMaterials/DebugEditorMaterial.uexp" 611
"../../../Engine/Content/EditorMaterials/PreviewShadowIndicator.ubulk" 612
"../../../Engine/Content/EditorMaterials/PreviewShadowIndicator.uasset" 613
"../../../Engine/Content/EditorMaterials/PreviewShadowIndicator.uexp" 614
"../../../Engine/Content/EditorMaterials/PreviewShadowIndicatorMaterial.uasset" 615
"../../../Engine/Content/EditorMaterials/PreviewShadowIndicatorMaterial.uexp" 616
"../../../Engine/Content/EditorMaterials/PhAT_UnselectedMaterial.uasset" 617
"../../../Engine/Content/EditorMaterials/PhAT_UnselectedMaterial.uexp" 618
"../../../Engine/Content/EditorMaterials/PhAT_NoCollisionMaterial.uasset" 619
"../../../Engine/Content/EditorMaterials/PhAT_NoCollisionMaterial.uexp" 620
"../../../Engine/Content/EditorLandscapeResources/SplineEditorMeshMat.uasset" 621
"../../../Engine/Content/EditorLandscapeResources/SplineEditorMeshMat.uexp" 622
"../../../Engine/Content/EditorLandscapeResources/SplineEditorMesh.ubulk" 623
"../../../Engine/Content/EditorLandscapeResources/SplineEditorMesh.uasset" 624
"../../../Engine/Content/EditorLandscapeResources/SplineEditorMesh.uexp" 625
"../../../Engine/Content/EngineMaterials/DefaultMaterial.uasset" 626
"../../../Engine/Content/EngineMaterials/DefaultMaterial.uexp" 627
"../../../Engine/Content/BasicShapes/Sphere.ubulk" 628
"../../../Engine/Content/BasicShapes/Sphere.uasset" 629
"../../../Engine/Content/BasicShapes/Sphere.uexp" 630
"../../../Engine/Content/BasicShapes/Cylinder.ubulk" 631
"../../../Engine/Content/BasicShapes/Cylinder.uasset" 632
"../../../Engine/Content/BasicShapes/Cylinder.uexp" 633
"../../../Engine/Content/BasicShapes/Cube.ubulk" 634
"../../../Engine/Content/BasicShapes/Cube.uasset" 635
"../../../Engine/Content/BasicShapes/Cube.uexp" 636
"../../../Engine/Content/BasicShapes/Cone.ubulk" 637
"../../../Engine/Content/BasicShapes/Cone.uasset" 638
"../../../Engine/Content/BasicShapes/Cone.uexp" 639
"../../../Engine/Content/BasicShapes/BasicShapeMaterial.uasset" 640
"../../../Engine/Content/BasicShapes/BasicShapeMaterial.uexp" 641
"../../../Engine/Plugins/Interchange/Assets/Content/gltf/Textures/T_White_srgb.uasset" 642
"../../../Engine/Plugins/Interchange/Assets/Content/gltf/Textures/T_White_srgb.uexp" 643
"../../../Engine/Plugins/Interchange/Assets/Content/gltf/MaterialFunctions/MF_BaseColor.uasset" 644
"../../../Engine/Plugins/Interchange/Assets/Content/gltf/MaterialFunctions/MF_BaseColor.uexp" 645
"../../../Engine/Plugins/Interchange/Assets/Content/gltf/MaterialFunctions/MF_RotateV2.uasset" 646
"../../../Engine/Plugins/Interchange/Assets/Content/gltf/MaterialFunctions/MF_RotateV2.uexp" 647
"../../../Engine/Plugins/Interchange/Assets/Content/gltf/MaterialFunctions/MF_TransformUVs.uasset" 648
"../../../Engine/Plugins/Interchange/Assets/Content/gltf/MaterialFunctions/MF_TransformUVs.uexp" 649
"../../../Engine/Plugins/Interchange/Assets/Content/gltf/MaterialBodies/MF_Unlit_Body.uasset" 650
"../../../Engine/Plugins/Interchange/Assets/Content/gltf/MaterialBodies/MF_Unlit_Body.uexp" 651
"../../../Engine/Plugins/Interchange/Assets/Content/gltf/M_Unlit.uasset" 652
"../../../Engine/Plugins/Interchange/Assets/Content/gltf/M_Unlit.uexp" 653
"../../../Engine/Plugins/Interchange/Assets/Content/gltf/MaterialInstances/MI_Unlit_Opaque_DS.uasset" 654
"../../../Engine/Plugins/Interchange/Assets/Content/gltf/MaterialInstances/MI_Unlit_Opaque_DS.uexp" 655
"../../../Engine/Plugins/Interchange/Assets/Content/gltf/MaterialInstances/MI_Unlit_Opaque.uasset" 656
"../../../Engine/Plugins/Interchange/Assets/Content/gltf/MaterialInstances/MI_Unlit_Opaque.uexp" 657
"../../../Engine/Plugins/Interchange/Assets/Content/gltf/MaterialInstances/MI_Unlit_Mask_DS.uasset" 658
"../../../Engine/Plugins/Interchange/Assets/Content/gltf/MaterialInstances/MI_Unlit_Mask_DS.uexp" 659
"../../../Engine/Plugins/Interchange/Assets/Content/gltf/MaterialInstances/MI_Unlit_Mask.uasset" 660
"../../../Engine/Plugins/Interchange/Assets/Content/gltf/MaterialInstances/MI_Unlit_Mask.uexp" 661
"../../../Engine/Plugins/Interchange/Assets/Content/gltf/MaterialInstances/MI_Unlit_Blend_DS.uasset" 662
"../../../Engine/Plugins/Interchange/Assets/Content/gltf/MaterialInstances/MI_Unlit_Blend_DS.uexp" 663
"../../../Engine/Plugins/Interchange/Assets/Content/gltf/MaterialInstances/MI_Unlit_Blend.uasset" 664
"../../../Engine/Plugins/Interchange/Assets/Content/gltf/MaterialInstances/MI_Unlit_Blend.uexp" 665
"../../../Engine/Content/Functions/Engine_MaterialFunctions02/Math/Transform3x3Matrix.uasset" 666
"../../../Engine/Content/Functions/Engine_MaterialFunctions02/Math/Transform3x3Matrix.uexp" 667
"../../../Engine/Content/EngineMaterials/Good64x64TilingNoiseHighFreq.uasset" 668
"../../../Engine/Content/EngineMaterials/Good64x64TilingNoiseHighFreq.uexp" 669
"../../../Engine/Content/Functions/Engine_MaterialFunctions02/Texturing/ScreenAlignedPixelToPixelUVs.uasset" 670
"../../../Engine/Content/Functions/Engine_MaterialFunctions02/Texturing/ScreenAlignedPixelToPixelUVs.uexp" 671
"../../../Engine/Plugins/Interchange/Assets/Content/gltf/MaterialFunctions/MF_Temporal_Blur.uasset" 672
"../../../Engine/Plugins/Interchange/Assets/Content/gltf/MaterialFunctions/MF_Temporal_Blur.uexp" 673
"../../../Engine/Plugins/Interchange/Assets/Content/gltf/MaterialFunctions/MF_Specular.uasset" 674
"../../../Engine/Plugins/Interchange/Assets/Content/gltf/MaterialFunctions/MF_Specular.uexp" 675
"../../../Engine/Plugins/Interchange/Assets/Content/gltf/Textures/T_Anisotropy_Direction_Linear.uasset" 676
"../../../Engine/Plugins/Interchange/Assets/Content/gltf/Textures/T_Anisotropy_Direction_Linear.uexp" 677
"../../../Engine/Plugins/Interchange/Assets/Content/gltf/MaterialFunctions/MF_SpecularAnisotropy.uasset" 678
"../../../Engine/Plugins/Interchange/Assets/Content/gltf/MaterialFunctions/MF_SpecularAnisotropy.uexp" 679
"../../../Engine/Plugins/Interchange/Assets/Content/gltf/Textures/T_White_Linear.uasset" 680
"../../../Engine/Plugins/Interchange/Assets/Content/gltf/Textures/T_White_Linear.uexp" 681
"../../../Engine/Plugins/Interchange/Assets/Content/gltf/MaterialFunctions/MF_MetallicRoughness.uasset" 682
"../../../Engine/Plugins/Interchange/Assets/Content/gltf/MaterialFunctions/MF_MetallicRoughness.uexp" 683
"../../../Engine/Plugins/Interchange/Assets/Content/gltf/Textures/T_Generic_N.uasset" 684
"../../../Engine/Plugins/Interchange/Assets/Content/gltf/Textures/T_Generic_N.uexp" 685
"../../../Engine/Plugins/Interchange/Assets/Content/gltf/MaterialFunctions/MF_ScaleNormal.uasset" 686
"../../../Engine/Plugins/Interchange/Assets/Content/gltf/MaterialFunctions/MF_ScaleNormal.uexp" 687
"../../../Engine/Plugins/Interchange/Assets/Content/gltf/MaterialFunctions/MF_Fresnel_DS.uasset" 688
"../../../Engine/Plugins/Interchange/Assets/Content/gltf/MaterialFunctions/MF_Fresnel_DS.uexp" 689
"../../../Engine/Plugins/Interchange/Assets/Content/gltf/MaterialFunctions/MF_Iridescence.uasset" 690
"../../../Engine/Plugins/Interchange/Assets/Content/gltf/MaterialFunctions/MF_Iridescence.uexp" 691
"../../../Engine/Plugins/Interchange/Assets/Content/gltf/MaterialFunctions/MF_Occlusion.uasset" 692
"../../../Engine/Plugins/Interchange/Assets/Content/gltf/MaterialFunctions/MF_Occlusion.uexp" 693
"../../../Engine/Plugins/Interchange/Assets/Content/gltf/MaterialFunctions/MF_IOR.uasset" 694
"../../../Engine/Plugins/Interchange/Assets/Content/gltf/MaterialFunctions/MF_IOR.uexp" 695
"../../../Engine/Plugins/Interchange/Assets/Content/gltf/MaterialFunctions/MF_Transmission.uasset" 696
"../../../Engine/Plugins/Interchange/Assets/Content/gltf/MaterialFunctions/MF_Transmission.uexp" 697
"../../../Engine/Plugins/Interchange/Assets/Content/gltf/MaterialFunctions/MF_RotateNormals_TS.uasset" 698
"../../../Engine/Plugins/Interchange/Assets/Content/gltf/MaterialFunctions/MF_RotateNormals_TS.uexp" 699
"../../../Engine/Plugins/Interchange/Assets/Content/gltf/MaterialFunctions/MF_Normals.uasset" 700
"../../../Engine/Plugins/Interchange/Assets/Content/gltf/MaterialFunctions/MF_Normals.uexp" 701
"../../../Engine/Plugins/Interchange/Assets/Content/gltf/MaterialBodies/MF_Transmission_Body.uasset" 702
"../../../Engine/Plugins/Interchange/Assets/Content/gltf/MaterialBodies/MF_Transmission_Body.uexp" 703
"../../../Engine/Plugins/Interchange/Assets/Content/gltf/M_Transmission.uasset" 704
"../../../Engine/Plugins/Interchange/Assets/Content/gltf/M_Transmission.uexp" 705
"../../../Engine/Plugins/Interchange/Assets/Content/gltf/MaterialInstances/MI_Transmission_DS.uasset" 706
"../../../Engine/Plugins/Interchange/Assets/Content/gltf/MaterialInstances/MI_Transmission_DS.uexp" 707
"../../../Engine/Plugins/Interchange/Assets/Content/gltf/MaterialInstances/MI_Transmission.uasset" 708
"../../../Engine/Plugins/Interchange/Assets/Content/gltf/MaterialInstances/MI_Transmission.uexp" 709
"../../../Engine/Content/Functions/Engine_MaterialFunctions02/Math/AddComponents.uasset" 710
"../../../Engine/Content/Functions/Engine_MaterialFunctions02/Math/AddComponents.uexp" 711
"../../../Engine/Plugins/Interchange/Assets/Content/gltf/MaterialFunctions/MF_DiffuseSpecGloss.uasset" 712
"../../../Engine/Plugins/Interchange/Assets/Content/gltf/MaterialFunctions/MF_DiffuseSpecGloss.uexp" 713
"../../../Engine/Plugins/Interchange/Assets/Content/gltf/MaterialFunctions/MF_Emissive.uasset" 714
"../../../Engine/Plugins/Interchange/Assets/Content/gltf/MaterialFunctions/MF_Emissive.uexp" 715
"../../../Engine/Plugins/Interchange/Assets/Content/gltf/MaterialFunctions/MF_PerceivedBrightness.uasset" 716
"../../../Engine/Plugins/Interchange/Assets/Content/gltf/MaterialFunctions/MF_PerceivedBrightness.uexp" 717
"../../../Engine/Plugins/Interchange/Assets/Content/gltf/MaterialFunctions/MF_SpecGlossToMetalRoughness.uasset" 718
"../../../Engine/Plugins/Interchange/Assets/Content/gltf/MaterialFunctions/MF_SpecGlossToMetalRoughness.uexp" 719
"../../../Engine/Plugins/Interchange/Assets/Content/gltf/MaterialFunctions/MF_MaxComponentValue.uasset" 720
"../../../Engine/Plugins/Interchange/Assets/Content/gltf/MaterialFunctions/MF_MaxComponentValue.uexp" 721
"../../../Engine/Plugins/Interchange/Assets/Content/gltf/MaterialBodies/MF_SpecularGlossiness_Body.uasset" 722
"../../../Engine/Plugins/Interchange/Assets/Content/gltf/MaterialBodies/MF_SpecularGlossiness_Body.uexp" 723
"../../../Engine/Plugins/Interchange/Assets/Content/gltf/M_SpecularGlossiness.uasset" 724
"../../../Engine/Plugins/Interchange/Assets/Content/gltf/M_SpecularGlossiness.uexp" 725
"../../../Engine/Plugins/Interchange/Assets/Content/gltf/MaterialInstances/MI_SpecularGlossiness_Opaque_DS.uasset" 726
"../../../Engine/Plugins/Interchange/Assets/Content/gltf/MaterialInstances/MI_SpecularGlossiness_Opaque_DS.uexp" 727
"../../../Engine/Plugins/Interchange/Assets/Content/gltf/MaterialInstances/MI_SpecularGlossiness_Opaque.uasset" 728
"../../../Engine/Plugins/Interchange/Assets/Content/gltf/MaterialInstances/MI_SpecularGlossiness_Opaque.uexp" 729
"../../../Engine/Plugins/Interchange/Assets/Content/gltf/MaterialInstances/MI_SpecularGlossiness_Mask_DS.uasset" 730
"../../../Engine/Plugins/Interchange/Assets/Content/gltf/MaterialInstances/MI_SpecularGlossiness_Mask_DS.uexp" 731
"../../../Engine/Plugins/Interchange/Assets/Content/gltf/MaterialInstances/MI_SpecularGlossiness_Mask.uasset" 732
"../../../Engine/Plugins/Interchange/Assets/Content/gltf/MaterialInstances/MI_SpecularGlossiness_Mask.uexp" 733
"../../../Engine/Plugins/Interchange/Assets/Content/gltf/MaterialInstances/MI_SpecularGlossiness_Blend_DS.uasset" 734
"../../../Engine/Plugins/Interchange/Assets/Content/gltf/MaterialInstances/MI_SpecularGlossiness_Blend_DS.uexp" 735
"../../../Engine/Plugins/Interchange/Assets/Content/gltf/MaterialInstances/MI_SpecularGlossiness_Blend.uasset" 736
"../../../Engine/Plugins/Interchange/Assets/Content/gltf/MaterialInstances/MI_SpecularGlossiness_Blend.uexp" 737
"../../../Engine/Plugins/Interchange/Assets/Content/gltf/MaterialFunctions/MF_Sheen.uasset" 738
"../../../Engine/Plugins/Interchange/Assets/Content/gltf/MaterialFunctions/MF_Sheen.uexp" 739
"../../../Engine/Plugins/Interchange/Assets/Content/gltf/MaterialBodies/MF_Sheen_Body.uasset" 740
"../../../Engine/Plugins/Interchange/Assets/Content/gltf/MaterialBodies/MF_Sheen_Body.uexp" 741
"../../../Engine/Plugins/Interchange/Assets/Content/gltf/M_Sheen.uasset" 742
"../../../Engine/Plugins/Interchange/Assets/Content/gltf/M_Sheen.uexp" 743
"../../../Engine/Plugins/Interchange/Assets/Content/gltf/MaterialInstances/MI_Sheen_Opaque_DS.uasset" 744
"../../../Engine/Plugins/Interchange/Assets/Content/gltf/MaterialInstances/MI_Sheen_Opaque_DS.uexp" 745
"../../../Engine/Plugins/Interchange/Assets/Content/gltf/MaterialInstances/MI_Sheen_Opaque.uasset" 746
"../../../Engine/Plugins/Interchange/Assets/Content/gltf/MaterialInstances/MI_Sheen_Opaque.uexp" 747
"../../../Engine/Plugins/Interchange/Assets/Content/gltf/MaterialInstances/MI_Sheen_Mask_DS.uasset" 748
"../../../Engine/Plugins/Interchange/Assets/Content/gltf/MaterialInstances/MI_Sheen_Mask_DS.uexp" 749
"../../../Engine/Plugins/Interchange/Assets/Content/gltf/MaterialInstances/MI_Sheen_Mask.uasset" 750
"../../../Engine/Plugins/Interchange/Assets/Content/gltf/MaterialInstances/MI_Sheen_Mask.uexp" 751
"../../../Engine/Plugins/Interchange/Assets/Content/gltf/MaterialInstances/MI_Sheen_Blend_DS.uasset" 752
"../../../Engine/Plugins/Interchange/Assets/Content/gltf/MaterialInstances/MI_Sheen_Blend_DS.uexp" 753
"../../../Engine/Plugins/Interchange/Assets/Content/gltf/MaterialInstances/MI_Sheen_Blend.uasset" 754
"../../../Engine/Plugins/Interchange/Assets/Content/gltf/MaterialInstances/MI_Sheen_Blend.uexp" 755
"../../../Engine/Plugins/Interchange/Assets/Content/gltf/MaterialBodies/MF_Default_Body.uasset" 756
"../../../Engine/Plugins/Interchange/Assets/Content/gltf/MaterialBodies/MF_Default_Body.uexp" 757
"../../../Engine/Plugins/Interchange/Assets/Content/gltf/M_Default.uasset" 758
"../../../Engine/Plugins/Interchange/Assets/Content/gltf/M_Default.uexp" 759
"../../../Engine/Plugins/Interchange/Assets/Content/gltf/MaterialInstances/MI_Default_Opaque_DS.uasset" 760
"../../../Engine/Plugins/Interchange/Assets/Content/gltf/MaterialInstances/MI_Default_Opaque_DS.uexp" 761
"../../../Engine/Plugins/Interchange/Assets/Content/gltf/MaterialInstances/MI_Default_Opaque.uasset" 762
"../../../Engine/Plugins/Interchange/Assets/Content/gltf/MaterialInstances/MI_Default_Opaque.uexp" 763
"../../../Engine/Plugins/Interchange/Assets/Content/gltf/MaterialInstances/MI_Default_Mask_DS.uasset" 764
"../../../Engine/Plugins/Interchange/Assets/Content/gltf/MaterialInstances/MI_Default_Mask_DS.uexp" 765
"../../../Engine/Plugins/Interchange/Assets/Content/gltf/MaterialInstances/MI_Default_Mask.uasset" 766
"../../../Engine/Plugins/Interchange/Assets/Content/gltf/MaterialInstances/MI_Default_Mask.uexp" 767
"../../../Engine/Plugins/Interchange/Assets/Content/gltf/MaterialInstances/MI_Default_Blend_DS.uasset" 768
"../../../Engine/Plugins/Interchange/Assets/Content/gltf/MaterialInstances/MI_Default_Blend_DS.uexp" 769
"../../../Engine/Plugins/Interchange/Assets/Content/gltf/MaterialInstances/MI_Default_Blend.uasset" 770
"../../../Engine/Plugins/Interchange/Assets/Content/gltf/MaterialInstances/MI_Default_Blend.uexp" 771
"../../../Engine/Content/Functions/Engine_MaterialFunctions01/Texturing/FlattenNormal.uasset" 772
"../../../Engine/Content/Functions/Engine_MaterialFunctions01/Texturing/FlattenNormal.uexp" 773
"../../../Engine/Plugins/Interchange/Assets/Content/gltf/MaterialFunctions/MF_Clearcoat.uasset" 774
"../../../Engine/Plugins/Interchange/Assets/Content/gltf/MaterialFunctions/MF_Clearcoat.uexp" 775
"../../../Engine/Plugins/Interchange/Assets/Content/gltf/MaterialBodies/MF_ClearCoat_Body.uasset" 776
"../../../Engine/Plugins/Interchange/Assets/Content/gltf/MaterialBodies/MF_ClearCoat_Body.uexp" 777
"../../../Engine/Plugins/Interchange/Assets/Content/gltf/M_ClearCoat.uasset" 778
"../../../Engine/Plugins/Interchange/Assets/Content/gltf/M_ClearCoat.uexp" 779
"../../../Engine/Plugins/Interchange/Assets/Content/gltf/MaterialInstances/MI_ClearCoat_Opaque_DS.uasset" 780
"../../../Engine/Plugins/Interchange/Assets/Content/gltf/MaterialInstances/MI_ClearCoat_Opaque_DS.uexp" 781
"../../../Engine/Plugins/Interchange/Assets/Content/gltf/MaterialInstances/MI_ClearCoat_Opaque.uasset" 782
"../../../Engine/Plugins/Interchange/Assets/Content/gltf/MaterialInstances/MI_ClearCoat_Opaque.uexp" 783
"../../../Engine/Plugins/Interchange/Assets/Content/gltf/MaterialInstances/MI_ClearCoat_Mask_DS.uasset" 784
"../../../Engine/Plugins/Interchange/Assets/Content/gltf/MaterialInstances/MI_ClearCoat_Mask_DS.uexp" 785
"../../../Engine/Plugins/Interchange/Assets/Content/gltf/MaterialInstances/MI_ClearCoat_Mask.uasset" 786
"../../../Engine/Plugins/Interchange/Assets/Content/gltf/MaterialInstances/MI_ClearCoat_Mask.uexp" 787
"../../../Engine/Plugins/Interchange/Assets/Content/gltf/MaterialInstances/MI_ClearCoat_Blend_DS.uasset" 788
"../../../Engine/Plugins/Interchange/Assets/Content/gltf/MaterialInstances/MI_ClearCoat_Blend_DS.uexp" 789
"../../../Engine/Plugins/Interchange/Assets/Content/gltf/MaterialInstances/MI_ClearCoat_Blend.uasset" 790
"../../../Engine/Plugins/Interchange/Assets/Content/gltf/MaterialInstances/MI_ClearCoat_Blend.uexp" 791
"../../../Engine/Content/VREditor/TransformGizmo/Main.uasset" 792
"../../../Engine/Content/VREditor/TransformGizmo/Main.uexp" 793
"../../../Engine/Content/VREditor/TransformGizmo/Xray.uasset" 794
"../../../Engine/Content/VREditor/TransformGizmo/Xray.uexp" 795
"../../../Engine/Content/VREditor/TransformGizmo/SM_Sequencer_Node.ubulk" 796
"../../../Engine/Content/VREditor/TransformGizmo/SM_Sequencer_Node.uasset" 797
"../../../Engine/Content/VREditor/TransformGizmo/SM_Sequencer_Node.uexp" 798
"../../../Engine/Content/VREditor/LaserPointer/VR_LaserPower_01.ubulk" 799
"../../../Engine/Content/VREditor/LaserPointer/VR_LaserPower_01.uasset" 800
"../../../Engine/Content/VREditor/LaserPointer/VR_LaserPower_01.uexp" 801
"../../../Engine/Content/VREditor/TransformGizmo/TransformGizmoMaterial.uasset" 802
"../../../Engine/Content/VREditor/TransformGizmo/TransformGizmoMaterial.uexp" 803
"../../../Engine/Content/VREditor/TransformGizmo/TranslucentTransformGizmoMaterial.uasset" 804
"../../../Engine/Content/VREditor/TransformGizmo/TranslucentTransformGizmoMaterial.uexp" 805
"../../../Engine/Content/VREditor/TransformGizmo/BoundingBoxEdge.ubulk" 806
"../../../Engine/Content/VREditor/TransformGizmo/BoundingBoxEdge.uasset" 807
"../../../Engine/Content/VREditor/TransformGizmo/BoundingBoxEdge.uexp" 808
"../../../Engine/Content/VREditor/TransformGizmo/BoundingBoxCorner.ubulk" 809
"../../../Engine/Content/VREditor/TransformGizmo/BoundingBoxCorner.uasset" 810
"../../../Engine/Content/VREditor/TransformGizmo/BoundingBoxCorner.uexp" 811
"../../../Engine/Content/EngineSky/VolumetricClouds/T_CloudMask.ubulk" 812
"../../../Engine/Content/EngineSky/VolumetricClouds/T_CloudMask.uasset" 813
"../../../Engine/Content/EngineSky/VolumetricClouds/T_CloudMask.uexp" 814
"../../../Engine/Content/EngineSky/VolumetricClouds/VT_Lightning.uasset" 815
"../../../Engine/Content/EngineSky/VolumetricClouds/VT_Lightning.uexp" 816
"../../../Engine/Content/EngineSky/VolumetricClouds/T_Profile_08.ubulk" 817
"../../../Engine/Content/EngineSky/VolumetricClouds/T_Profile_08.uasset" 818
"../../../Engine/Content/EngineSky/VolumetricClouds/T_Profile_08.uexp" 819
"../../../Engine/Content/Functions/Engine_MaterialFunctions02/Utility/MakeFloat4.uasset" 820
"../../../Engine/Content/Functions/Engine_MaterialFunctions02/Utility/MakeFloat4.uexp" 821
"../../../Engine/Content/Functions/Engine_MaterialFunctions01/Units/Km-to-Cm.uasset" 822
"../../../Engine/Content/Functions/Engine_MaterialFunctions01/Units/Km-to-Cm.uexp" 823
"../../../Engine/Content/Functions/Engine_MaterialFunctions02/Utility/BreakOutFloat4Components.uasset" 824
"../../../Engine/Content/Functions/Engine_MaterialFunctions02/Utility/BreakOutFloat4Components.uexp" 825
"../../../Engine/Content/EngineSky/VolumetricClouds/T_CloudPattern.ubulk" 826
"../../../Engine/Content/EngineSky/VolumetricClouds/T_CloudPattern.uasset" 827
"../../../Engine/Content/EngineSky/VolumetricClouds/T_CloudPattern.uexp" 828
"../../../Engine/Content/EngineSky/VolumetricClouds/VT_PerlinWorley_Balanced.uasset" 829
"../../../Engine/Content/EngineSky/VolumetricClouds/VT_PerlinWorley_Balanced.uexp" 830
"../../../Engine/Content/EngineSky/VolumetricClouds/m_SimpleVolumetricCloud.uasset" 831
"../../../Engine/Content/EngineSky/VolumetricClouds/m_SimpleVolumetricCloud.uexp" 832
"../../../Engine/Content/EngineSky/VolumetricClouds/m_SimpleVolumetricCloud_Inst.uasset" 833
"../../../Engine/Content/EngineSky/VolumetricClouds/m_SimpleVolumetricCloud_Inst.uexp" 834
"../../../Engine/Content/EditorMaterials/Camera/CineMat.uasset" 835
"../../../Engine/Content/EditorMaterials/Camera/CineMat.uexp" 836
"../../../Engine/Content/EditorMaterials/Camera/MI_CineMat_Rig.uasset" 837
"../../../Engine/Content/EditorMaterials/Camera/MI_CineMat_Rig.uexp" 838
"../../../Engine/Content/EditorMeshes/Camera/SM_RailRig_Track.ubulk" 839
"../../../Engine/Content/EditorMeshes/Camera/SM_RailRig_Track.uasset" 840
"../../../Engine/Content/EditorMeshes/Camera/SM_RailRig_Track.uexp" 841
"../../../Engine/Content/EditorMeshes/Camera/SM_RailRig_Mount.ubulk" 842
"../../../Engine/Content/EditorMeshes/Camera/SM_RailRig_Mount.uasset" 843
"../../../Engine/Content/EditorMeshes/Camera/SM_RailRig_Mount.uexp" 844
"../../../Engine/Content/EditorMeshes/Camera/SM_CraneRig_Mount.ubulk" 845
"../../../Engine/Content/EditorMeshes/Camera/SM_CraneRig_Mount.uasset" 846
"../../../Engine/Content/EditorMeshes/Camera/SM_CraneRig_Mount.uexp" 847
"../../../Engine/Content/EditorMeshes/Camera/SM_CraneRig_Body.ubulk" 848
"../../../Engine/Content/EditorMeshes/Camera/SM_CraneRig_Body.uasset" 849
"../../../Engine/Content/EditorMeshes/Camera/SM_CraneRig_Body.uexp" 850
"../../../Engine/Content/EditorMeshes/Camera/SM_CraneRig_Base.ubulk" 851
"../../../Engine/Content/EditorMeshes/Camera/SM_CraneRig_Base.uasset" 852
"../../../Engine/Content/EditorMeshes/Camera/SM_CraneRig_Base.uexp" 853
"../../../Engine/Content/EditorMeshes/Camera/SM_CraneRig_Arm.ubulk" 854
"../../../Engine/Content/EditorMeshes/Camera/SM_CraneRig_Arm.uasset" 855
"../../../Engine/Content/EditorMeshes/Camera/SM_CraneRig_Arm.uexp" 856
"../../../Engine/Content/EditorMaterials/Dataflow/DataflowVertexMaterial.uasset" 857
"../../../Engine/Content/EditorMaterials/Dataflow/DataflowVertexMaterial.uexp" 858
"../../../Engine/Content/EditorMaterials/Dataflow/DataflowTwoSidedVertexMaterial.uasset" 859
"../../../Engine/Content/EditorMaterials/Dataflow/DataflowTwoSidedVertexMaterial.uexp" 860
"../../../Engine/Content/Functions/Engine_MaterialFunctions01/Shading/PowerToRoughness.uasset" 861
"../../../Engine/Content/Functions/Engine_MaterialFunctions01/Shading/PowerToRoughness.uexp" 862
"../../../Engine/Content/Functions/Engine_MaterialFunctions01/Shading/ConvertFromDiffSpec.uasset" 863
"../../../Engine/Content/Functions/Engine_MaterialFunctions01/Shading/ConvertFromDiffSpec.uexp" 864
"../../../Engine/Content/EngineMaterials/Substrate/Volume/SubstrateSimpleVolumeLUT3D.uasset" 865
"../../../Engine/Content/EngineMaterials/Substrate/Volume/SubstrateSimpleVolumeLUT3D.uexp" 866
"../../../Engine/Content/EngineMaterials/Substrate/Volume/SubstrateSimpleVolumeEnvLUT3D.uasset" 867
"../../../Engine/Content/EngineMaterials/Substrate/Volume/SubstrateSimpleVolumeEnvLUT3D.uexp" 868
"../../../Engine/Content/EngineMaterials/Substrate/GLints2/AGlintTex2dArray2.uasset" 869
"../../../Engine/Content/EngineMaterials/Substrate/GLints2/AGlintTex2dArray2.uexp" 870
"../../../Engine/Content/EngineMaterials/Substrate/GLints/AGlintTex2dArray.uasset" 871
"../../../Engine/Content/EngineMaterials/Substrate/GLints/AGlintTex2dArray.uexp" 872
"../../../Engine/Content/ArtTools/RenderToTexture/Meshes/S_1_Unit_Plane.ubulk" 873
"../../../Engine/Content/ArtTools/RenderToTexture/Meshes/S_1_Unit_Plane.uasset" 874
"../../../Engine/Content/ArtTools/RenderToTexture/Meshes/S_1_Unit_Plane.uexp" 875
"../../../Engine/Plugins/NNE/NNEDenoiser/Content/NNE_oidn2-3-0_rt_hdr_calb_cnrm_large__dyn__fp16_opset11_ForwardAlpha.uasset" 876
"../../../Engine/Plugins/NNE/NNEDenoiser/Content/NNE_oidn2-3-0_rt_hdr_calb_cnrm_large__dyn__fp16_opset11_ForwardAlpha.uexp" 877
"../../../Engine/Plugins/NNE/NNEDenoiser/Content/NNE_oidn2-3-0_rt_hdr_calb_cnrm_large__dyn__fp16_opset11_DenoiseAlpha.uasset" 878
"../../../Engine/Plugins/NNE/NNEDenoiser/Content/NNE_oidn2-3-0_rt_hdr_calb_cnrm_large__dyn__fp16_opset11_DenoiseAlpha.uexp" 879
"../../../Engine/Plugins/NNE/NNEDenoiser/Content/NNE_oidn2-3-0_rt_hdr_alb_nrm__dyn__fp16_opset11_ForwardAlpha.uasset" 880
"../../../Engine/Plugins/NNE/NNEDenoiser/Content/NNE_oidn2-3-0_rt_hdr_alb_nrm__dyn__fp16_opset11_ForwardAlpha.uexp" 881
"../../../Engine/Plugins/NNE/NNEDenoiser/Content/NNE_oidn2-3-0_rt_hdr_alb_nrm__dyn__fp16_opset11_DenoiseAlpha.uasset" 882
"../../../Engine/Plugins/NNE/NNEDenoiser/Content/NNE_oidn2-3-0_rt_hdr_alb_nrm__dyn__fp16_opset11_DenoiseAlpha.uexp" 883
"../../../Engine/Plugins/NNE/NNEDenoiser/Content/NNE_oidn2-3-0_rt_hdr_alb_nrm_small__dyn__fp16_opset11_ForwardAlpha.uasset" 884
"../../../Engine/Plugins/NNE/NNEDenoiser/Content/NNE_oidn2-3-0_rt_hdr_alb_nrm_small__dyn__fp16_opset11_ForwardAlpha.uexp" 885
"../../../Engine/Plugins/NNE/NNEDenoiser/Content/NNE_oidn2-3-0_rt_hdr_alb_nrm_small__dyn__fp16_opset11_DenoiseAlpha.uasset" 886
"../../../Engine/Plugins/NNE/NNEDenoiser/Content/NNE_oidn2-3-0_rt_hdr_alb_nrm_small__dyn__fp16_opset11_DenoiseAlpha.uexp" 887
"../../../Engine/Plugins/NNE/NNEDenoiser/Content/NNED_Oidn2-3_HighQuality_Alpha.uasset" 888
"../../../Engine/Plugins/NNE/NNEDenoiser/Content/NNED_Oidn2-3_HighQuality_Alpha.uexp" 889
"../../../Engine/Plugins/NNE/NNEDenoiser/Content/NNED_Oidn2-3_HighQuality.uasset" 890
"../../../Engine/Plugins/NNE/NNEDenoiser/Content/NNED_Oidn2-3_HighQuality.uexp" 891
"../../../Engine/Plugins/NNE/NNEDenoiser/Content/NNED_Oidn2-3_Fast_Alpha.uasset" 892
"../../../Engine/Plugins/NNE/NNEDenoiser/Content/NNED_Oidn2-3_Fast_Alpha.uexp" 893
"../../../Engine/Plugins/NNE/NNEDenoiser/Content/NNED_Oidn2-3_Fast.uasset" 894
"../../../Engine/Plugins/NNE/NNEDenoiser/Content/NNED_Oidn2-3_Fast.uexp" 895
"../../../Engine/Plugins/NNE/NNEDenoiser/Content/NNED_Oidn2-3_Balanced_Alpha.uasset" 896
"../../../Engine/Plugins/NNE/NNEDenoiser/Content/NNED_Oidn2-3_Balanced_Alpha.uexp" 897
"../../../Engine/Plugins/NNE/NNEDenoiser/Content/NNED_Oidn2-3_Balanced.uasset" 898
"../../../Engine/Plugins/NNE/NNEDenoiser/Content/NNED_Oidn2-3_Balanced.uexp" 899
"../../../Engine/Plugins/NNE/NNEDenoiser/Content/NNEDT_Oidn2-3_Balanced_Alpha.uasset" 900
"../../../Engine/Plugins/NNE/NNEDenoiser/Content/NNEDT_Oidn2-3_Balanced_Alpha.uexp" 901
"../../../Engine/Plugins/NNE/NNEDenoiser/Content/NNEDT_Oidn2-3_Balanced.uasset" 902
"../../../Engine/Plugins/NNE/NNEDenoiser/Content/NNEDT_Oidn2-3_Balanced.uexp" 903
"../../../Engine/Plugins/Animation/DeformerGraph/Content/Deformers/DG_LinearBlendSkin_Morph_Cloth_RecomputeNormals.uasset" 904
"../../../Engine/Plugins/Animation/DeformerGraph/Content/Deformers/DG_LinearBlendSkin_Morph_Cloth_RecomputeNormals.uexp" 905
"../../../Engine/Plugins/Animation/DeformerGraph/Content/Deformers/DG_LinearBlendSkin_Morph_Cloth.uasset" 906
"../../../Engine/Plugins/Animation/DeformerGraph/Content/Deformers/DG_LinearBlendSkin_Morph_Cloth.uexp" 907
"../../../Engine/Plugins/Animation/DeformerGraph/Content/DeformerFunctions/DG_Function_LinearBlendSkin_Morph_Cloth_PositionOnly.uasset" 908
"../../../Engine/Plugins/Animation/DeformerGraph/Content/DeformerFunctions/DG_Function_LinearBlendSkin_Morph_Cloth_PositionOnly.uexp" 909
"../../../Engine/Plugins/Animation/DeformerGraph/Content/DeformerFunctions/DG_Function_LinearBlendSkin_Morph_Cloth.uasset" 910
"../../../Engine/Plugins/Animation/DeformerGraph/Content/DeformerFunctions/DG_Function_LinearBlendSkin_Morph_Cloth.uexp" 911
"../../../Engine/Plugins/Animation/DeformerGraph/Content/DeformerFunctions/DG_Function_ComputeNormalsTangents.uasset" 912
"../../../Engine/Plugins/Animation/DeformerGraph/Content/DeformerFunctions/DG_Function_ComputeNormalsTangents.uexp" 913
"../../../Engine/Content/VREditor/TransformGizmo/StartRotationHandleIndicator.ubulk" 914
"../../../Engine/Content/VREditor/TransformGizmo/StartRotationHandleIndicator.uasset" 915
"../../../Engine/Content/VREditor/TransformGizmo/StartRotationHandleIndicator.uexp" 916
"../../../Engine/Content/VREditor/Sounds/UI/Drop_Item_From_ContentBrowser.ubulk" 917
"../../../Engine/Content/VREditor/Sounds/UI/Drop_Item_From_ContentBrowser.uasset" 918
"../../../Engine/Content/VREditor/Sounds/UI/Drop_Item_From_ContentBrowser.uexp" 919
"../../../Engine/Content/VREditor/TransformGizmo/PlaneTranslationHandle.ubulk" 920
"../../../Engine/Content/VREditor/TransformGizmo/PlaneTranslationHandle.uasset" 921
"../../../Engine/Content/VREditor/TransformGizmo/PlaneTranslationHandle.uexp" 922
"../../../Engine/Content/VREditor/Sounds/UI/Object_Snaps_To_Grid.ubulk" 923
"../../../Engine/Content/VREditor/Sounds/UI/Object_Snaps_To_Grid.uasset" 924
"../../../Engine/Content/VREditor/Sounds/UI/Object_Snaps_To_Grid.uexp" 925
"../../../Engine/Content/VREditor/Sounds/UI/Selection_Changes.ubulk" 926
"../../../Engine/Content/VREditor/Sounds/UI/Selection_Changes.uasset" 927
"../../../Engine/Content/VREditor/Sounds/UI/Selection_Changes.uexp" 928
"../../../Engine/Content/VREditor/Sounds/UI/Object_Snaps_To_Another_Actor.ubulk" 929
"../../../Engine/Content/VREditor/Sounds/UI/Object_Snaps_To_Another_Actor.uasset" 930
"../../../Engine/Content/VREditor/Sounds/UI/Object_Snaps_To_Another_Actor.uexp" 931
"../../../Engine/Content/VREditor/TransformGizmo/TranslucentTransformGizmoMaterial_Inst.uasset" 932
"../../../Engine/Content/VREditor/TransformGizmo/TranslucentTransformGizmoMaterial_Inst.uexp" 933
"../../../Engine/Content/VREditor/TransformGizmo/TransformGizmoFreeRotation.ubulk" 934
"../../../Engine/Content/VREditor/TransformGizmo/TransformGizmoFreeRotation.uasset" 935
"../../../Engine/Content/VREditor/TransformGizmo/TransformGizmoFreeRotation.uexp" 936
"../../../Engine/Content/VREditor/Sounds/UI/Scaling_Down.ubulk" 937
"../../../Engine/Content/VREditor/Sounds/UI/Scaling_Down.uasset" 938
"../../../Engine/Content/VREditor/Sounds/UI/Scaling_Down.uexp" 939
"../../../Engine/Content/Functions/Engine_MaterialFunctions02/SplitComponents.uasset" 940
"../../../Engine/Content/Functions/Engine_MaterialFunctions02/SplitComponents.uexp" 941
"../../../Engine/Content/VREditor/SnapGrid/SnapGridMaterial.uasset" 942
"../../../Engine/Content/VREditor/SnapGrid/SnapGridMaterial.uexp" 943
"../../../Engine/Content/VREditor/SnapGrid/SnapGridPlaneMesh.ubulk" 944
"../../../Engine/Content/VREditor/SnapGrid/SnapGridPlaneMesh.uasset" 945
"../../../Engine/Content/VREditor/SnapGrid/SnapGridPlaneMesh.uexp" 946
"../../../Engine/Content/VREditor/Sounds/UI/Scaling_Up.ubulk" 947
"../../../Engine/Content/VREditor/Sounds/UI/Scaling_Up.uasset" 948
"../../../Engine/Content/VREditor/Sounds/UI/Scaling_Up.uexp" 949
"../../../Engine/Content/VREditor/TransformGizmo/TransformGizmoMaterial_Inst.uasset" 950
"../../../Engine/Content/VREditor/TransformGizmo/TransformGizmoMaterial_Inst.uexp" 951
"../../../Engine/Content/VREditor/Sounds/UI/Gizmo_Handle_Clicked.ubulk" 952
"../../../Engine/Content/VREditor/Sounds/UI/Gizmo_Handle_Clicked.uasset" 953
"../../../Engine/Content/VREditor/Sounds/UI/Gizmo_Handle_Clicked.uexp" 954
"../../../Engine/Content/VREditor/TransformGizmo/RotationHandleQuarter.ubulk" 955
"../../../Engine/Content/VREditor/TransformGizmo/RotationHandleQuarter.uasset" 956
"../../../Engine/Content/VREditor/TransformGizmo/RotationHandleQuarter.uexp" 957
"../../../Engine/Content/VREditor/TransformGizmo/TranslateArrowHandle.ubulk" 958
"../../../Engine/Content/VREditor/TransformGizmo/TranslateArrowHandle.uasset" 959
"../../../Engine/Content/VREditor/TransformGizmo/TranslateArrowHandle.uexp" 960
"../../../Engine/Content/VREditor/TransformGizmo/RotationHandleIndicator.ubulk" 961
"../../../Engine/Content/VREditor/TransformGizmo/RotationHandleIndicator.uasset" 962
"../../../Engine/Content/VREditor/TransformGizmo/RotationHandleIndicator.uexp" 963
"../../../Engine/Content/VREditor/TransformGizmo/UniformScaleHandle.ubulk" 964
"../../../Engine/Content/VREditor/TransformGizmo/UniformScaleHandle.uasset" 965
"../../../Engine/Content/VREditor/TransformGizmo/UniformScaleHandle.uexp" 966
"../../../Engine/Content/VREditor/TransformGizmo/RotationHandleFull.ubulk" 967
"../../../Engine/Content/VREditor/TransformGizmo/RotationHandleFull.uasset" 968
"../../../Engine/Content/VREditor/TransformGizmo/RotationHandleFull.uexp" 969
"../../../Engine/Content/VREditor/Sounds/UI/Object_PickUp.ubulk" 970
"../../../Engine/Content/VREditor/Sounds/UI/Object_PickUp.uasset" 971
"../../../Engine/Content/VREditor/Sounds/UI/Object_PickUp.uexp" 972
"../../../Engine/Content/EngineResources/LandscapeVisibilityLayerInfo.uasset" 973
"../../../Engine/Content/EngineResources/LandscapeVisibilityLayerInfo.uexp" 974
"../../../Engine/Content/BasicShapes/Plane.ubulk" 975
"../../../Engine/Content/BasicShapes/Plane.uasset" 976
"../../../Engine/Content/BasicShapes/Plane.uexp" 977
"C:/Ordner/Git Repos/GGJ2025/Panda/Content/Art/RDL-background.uasset" 978
"C:/Ordner/Git Repos/GGJ2025/Panda/Content/Art/RDL-background.uexp" 979
"C:/Ordner/Git Repos/GGJ2025/Panda/Content/Art/RDL-background_Mat.uasset" 980
"C:/Ordner/Git Repos/GGJ2025/Panda/Content/Art/RDL-background_Mat.uexp" 981
"C:/Ordner/Git Repos/GGJ2025/Panda/Content/MarcContents/Blueprints/BP_Pawn.uasset" 982
"C:/Ordner/Git Repos/GGJ2025/Panda/Content/MarcContents/Blueprints/BP_Pawn.uexp" 983
"C:/Ordner/Git Repos/GGJ2025/Panda/Content/Sound/8bit_Bubble_magic_shoot_01_1.ubulk" 984
"C:/Ordner/Git Repos/GGJ2025/Panda/Content/Sound/8bit_Bubble_magic_shoot_01_1.uasset" 985
"C:/Ordner/Git Repos/GGJ2025/Panda/Content/Sound/8bit_Bubble_magic_shoot_01_1.uexp" 986
"C:/Ordner/Git Repos/GGJ2025/Panda/Content/Sound/Postive_Bubble_Jingle_01_2.ubulk" 987
"C:/Ordner/Git Repos/GGJ2025/Panda/Content/Sound/Postive_Bubble_Jingle_01_2.uasset" 988
"C:/Ordner/Git Repos/GGJ2025/Panda/Content/Sound/Postive_Bubble_Jingle_01_2.uexp" 989
"C:/Ordner/Git Repos/GGJ2025/Panda/Content/MarcContents/Input/IA_Up2.uasset" 990
"C:/Ordner/Git Repos/GGJ2025/Panda/Content/MarcContents/Input/IA_Up2.uexp" 991
"C:/Ordner/Git Repos/GGJ2025/Panda/Content/MarcContents/Input/IA_Down2.uasset" 992
"C:/Ordner/Git Repos/GGJ2025/Panda/Content/MarcContents/Input/IA_Down2.uexp" 993
"C:/Ordner/Git Repos/GGJ2025/Panda/Content/MarcContents/Input/IA_Left2.uasset" 994
"C:/Ordner/Git Repos/GGJ2025/Panda/Content/MarcContents/Input/IA_Left2.uexp" 995
"C:/Ordner/Git Repos/GGJ2025/Panda/Content/MarcContents/Input/IA_Left1.uasset" 996
"C:/Ordner/Git Repos/GGJ2025/Panda/Content/MarcContents/Input/IA_Left1.uexp" 997
"C:/Ordner/Git Repos/GGJ2025/Panda/Content/MarcContents/Input/IA_Up1.uasset" 998
"C:/Ordner/Git Repos/GGJ2025/Panda/Content/MarcContents/Input/IA_Up1.uexp" 999
"C:/Ordner/Git Repos/GGJ2025/Panda/Content/MarcContents/Input/IA_Down1.uasset" 1000
"C:/Ordner/Git Repos/GGJ2025/Panda/Content/MarcContents/Input/IA_Down1.uexp" 1001
"C:/Ordner/Git Repos/GGJ2025/Panda/Content/MarcContents/Input/IA_Right2.uasset" 1002
"C:/Ordner/Git Repos/GGJ2025/Panda/Content/MarcContents/Input/IA_Right2.uexp" 1003
"C:/Ordner/Git Repos/GGJ2025/Panda/Content/MarcContents/Input/IA_Right1.uasset" 1004
"C:/Ordner/Git Repos/GGJ2025/Panda/Content/MarcContents/Input/IA_Right1.uexp" 1005
"C:/Ordner/Git Repos/GGJ2025/Panda/Content/MarcContents/Input/IA_Mapping.uasset" 1006
"C:/Ordner/Git Repos/GGJ2025/Panda/Content/MarcContents/Input/IA_Mapping.uexp" 1007
"C:/Ordner/Git Repos/GGJ2025/Panda/Content/MarcContents/Blueprints/BP_PlayerController.uasset" 1008
"C:/Ordner/Git Repos/GGJ2025/Panda/Content/MarcContents/Blueprints/BP_PlayerController.uexp" 1009
"C:/Ordner/Git Repos/GGJ2025/Panda/Content/MarcContents/Blueprints/BP_GameManager.uasset" 1010
"C:/Ordner/Git Repos/GGJ2025/Panda/Content/MarcContents/Blueprints/BP_GameManager.uexp" 1011
"C:/Ordner/Git Repos/GGJ2025/Panda/Content/MarcContents/UI/BP_UI.uasset" 1012
"C:/Ordner/Git Repos/GGJ2025/Panda/Content/MarcContents/UI/BP_UI.uexp" 1013
"../../../Engine/Plugins/2D/Paper2D/Content/TranslucentUnlitSpriteMaterial.uasset" 1014
"../../../Engine/Plugins/2D/Paper2D/Content/TranslucentUnlitSpriteMaterial.uexp" 1015
"C:/Ordner/Git Repos/GGJ2025/Panda/Content/Art/txtbubl-1.uasset" 1016
"C:/Ordner/Git Repos/GGJ2025/Panda/Content/Art/txtbubl-1.uexp" 1017
"C:/Ordner/Git Repos/GGJ2025/Panda/Content/Art/txtbubl-1_Sprite.uasset" 1018
"C:/Ordner/Git Repos/GGJ2025/Panda/Content/Art/txtbubl-1_Sprite.uexp" 1019
"C:/Ordner/Git Repos/GGJ2025/Panda/Content/Art/Kolben.uasset" 1020
"C:/Ordner/Git Repos/GGJ2025/Panda/Content/Art/Kolben.uexp" 1021
"C:/Ordner/Git Repos/GGJ2025/Panda/Content/Art/Kolben_Sprite.uasset" 1022
"C:/Ordner/Git Repos/GGJ2025/Panda/Content/Art/Kolben_Sprite.uexp" 1023
"C:/Ordner/Git Repos/GGJ2025/Panda/Content/Sound/Music/FormulaB.ubulk" 1024
"C:/Ordner/Git Repos/GGJ2025/Panda/Content/Sound/Music/FormulaB.uasset" 1025
"C:/Ordner/Git Repos/GGJ2025/Panda/Content/Sound/Music/FormulaB.uexp" 1026
"C:/Ordner/Git Repos/GGJ2025/Panda/Content/Art/txtbubl-2.uasset" 1027
"C:/Ordner/Git Repos/GGJ2025/Panda/Content/Art/txtbubl-2.uexp" 1028
"C:/Ordner/Git Repos/GGJ2025/Panda/Content/Art/txtbubl-2_Sprite.uasset" 1029
"C:/Ordner/Git Repos/GGJ2025/Panda/Content/Art/txtbubl-2_Sprite.uexp" 1030
"C:/Ordner/Git Repos/GGJ2025/Panda/Content/Art/IMG.ubulk" 1031
"C:/Ordner/Git Repos/GGJ2025/Panda/Content/Art/IMG.uasset" 1032
"C:/Ordner/Git Repos/GGJ2025/Panda/Content/Art/IMG.uexp" 1033
"C:/Ordner/Git Repos/GGJ2025/Panda/Content/Art/IMG_Sprite_0.uasset" 1034
"C:/Ordner/Git Repos/GGJ2025/Panda/Content/Art/IMG_Sprite_0.uexp" 1035
"C:/Ordner/Git Repos/GGJ2025/Panda/Content/Art/IMG_Sprite_4.uasset" 1036
"C:/Ordner/Git Repos/GGJ2025/Panda/Content/Art/IMG_Sprite_4.uexp" 1037
"C:/Ordner/Git Repos/GGJ2025/Panda/Content/Art/IMG_Sprite_8.uasset" 1038
"C:/Ordner/Git Repos/GGJ2025/Panda/Content/Art/IMG_Sprite_8.uexp" 1039
"C:/Ordner/Git Repos/GGJ2025/Panda/Content/MarcContents/Levels/PlayLevel.uexp" 1040
"C:/Ordner/Git Repos/GGJ2025/Panda/Content/MarcContents/Levels/PlayLevel.umap" 1041
"C:/Ordner/Git Repos/GGJ2025/Panda/Content/Sound/PP_Negative_Feedback.ubulk" 1042
"C:/Ordner/Git Repos/GGJ2025/Panda/Content/Sound/PP_Negative_Feedback.uasset" 1043
"C:/Ordner/Git Repos/GGJ2025/Panda/Content/Sound/PP_Negative_Feedback.uexp" 1044
"C:/Ordner/Git Repos/GGJ2025/Panda/Content/Art/Font/pixpopenei.uexp" 1045
"C:/Ordner/Git Repos/GGJ2025/Panda/Content/Art/Font/pixpopenei.uasset" 1046
"C:/Ordner/Git Repos/GGJ2025/Panda/Content/Art/Font/pixpopenei.ufont" 1047
"C:/Ordner/Git Repos/GGJ2025/Panda/Content/Art/Font/pixpopenei_Font.uasset" 1048
"C:/Ordner/Git Repos/GGJ2025/Panda/Content/Art/Font/pixpopenei_Font.uexp" 1049
"C:/Ordner/Git Repos/GGJ2025/Panda/Content/Sound/Postive_Bubble_Jingle_01_3.ubulk" 1050
"C:/Ordner/Git Repos/GGJ2025/Panda/Content/Sound/Postive_Bubble_Jingle_01_3.uasset" 1051
"C:/Ordner/Git Repos/GGJ2025/Panda/Content/Sound/Postive_Bubble_Jingle_01_3.uexp" 1052
"C:/Ordner/Git Repos/GGJ2025/Panda/Content/Art/Button_copy1.ubulk" 1053
"C:/Ordner/Git Repos/GGJ2025/Panda/Content/Art/Button_copy1.uasset" 1054
"C:/Ordner/Git Repos/GGJ2025/Panda/Content/Art/Button_copy1.uexp" 1055
"C:/Ordner/Git Repos/GGJ2025/Panda/Content/Sound/PP_Whoosh_1_2.ubulk" 1056
"C:/Ordner/Git Repos/GGJ2025/Panda/Content/Sound/PP_Whoosh_1_2.uasset" 1057
"C:/Ordner/Git Repos/GGJ2025/Panda/Content/Sound/PP_Whoosh_1_2.uexp" 1058
"C:/Ordner/Git Repos/GGJ2025/Panda/Content/MarcContents/UI/BP_UI_MM.uasset" 1059
"C:/Ordner/Git Repos/GGJ2025/Panda/Content/MarcContents/UI/BP_UI_MM.uexp" 1060
"C:/Ordner/Git Repos/GGJ2025/Panda/Content/MarcContents/Levels/MainMenuLevel.uexp" 1061
"C:/Ordner/Git Repos/GGJ2025/Panda/Content/MarcContents/Levels/MainMenuLevel.umap" 1062
"C:/Ordner/Git Repos/GGJ2025/Panda/Content/Art/Page__Credits_full.uasset" 1063
"C:/Ordner/Git Repos/GGJ2025/Panda/Content/Art/Page__Credits_full.uexp" 1064
"C:/Ordner/Git Repos/GGJ2025/Panda/Content/MarcContents/UI/BP_UI_Credits.uasset" 1065
"C:/Ordner/Git Repos/GGJ2025/Panda/Content/MarcContents/UI/BP_UI_Credits.uexp" 1066
"C:/Ordner/Git Repos/GGJ2025/Panda/Content/MarcContents/Levels/CreditsLevel.uexp" 1067
"C:/Ordner/Git Repos/GGJ2025/Panda/Content/MarcContents/Levels/CreditsLevel.umap" 1068
"../../../Engine/Content/Maps/Entry_BuiltData.uasset" 1069
"../../../Engine/Content/Maps/Entry_BuiltData.uexp" 1070
"../../../Engine/Content/Maps/Entry.uexp" 1071
"../../../Engine/Content/Maps/Entry.umap" 1072
